[2023-04-03T16:34:24.434+0000] {taskinstance.py:1087} INFO - Dependencies all met for <TaskInstance: citi_bikes_nyc.unzip_data scheduled__2023-04-02T16:33:28.236193+00:00 [queued]>
[2023-04-03T16:34:24.441+0000] {taskinstance.py:1087} INFO - Dependencies all met for <TaskInstance: citi_bikes_nyc.unzip_data scheduled__2023-04-02T16:33:28.236193+00:00 [queued]>
[2023-04-03T16:34:24.441+0000] {taskinstance.py:1283} INFO - 
--------------------------------------------------------------------------------
[2023-04-03T16:34:24.441+0000] {taskinstance.py:1284} INFO - Starting attempt 1 of 1
[2023-04-03T16:34:24.442+0000] {taskinstance.py:1285} INFO - 
--------------------------------------------------------------------------------
[2023-04-03T16:34:24.452+0000] {taskinstance.py:1304} INFO - Executing <Task(BashOperator): unzip_data> on 2023-04-02 16:33:28.236193+00:00
[2023-04-03T16:34:24.459+0000] {standard_task_runner.py:55} INFO - Started process 130 to run task
[2023-04-03T16:34:24.462+0000] {standard_task_runner.py:82} INFO - Running: ['***', 'tasks', 'run', 'citi_bikes_nyc', 'unzip_data', 'scheduled__2023-04-02T16:33:28.236193+00:00', '--job-id', '318', '--raw', '--subdir', 'DAGS_FOLDER/citi_bikes_nyc.py', '--cfg-path', '/tmp/tmpzy7j37t4']
[2023-04-03T16:34:24.464+0000] {standard_task_runner.py:83} INFO - Job 318: Subtask unzip_data
[2023-04-03T16:34:24.514+0000] {task_command.py:389} INFO - Running <TaskInstance: citi_bikes_nyc.unzip_data scheduled__2023-04-02T16:33:28.236193+00:00 [running]> on host 3367fdfa05b8
[2023-04-03T16:34:24.571+0000] {taskinstance.py:1513} INFO - Exporting the following env vars:
AIRFLOW_CTX_DAG_OWNER=***
AIRFLOW_CTX_DAG_ID=citi_bikes_nyc
AIRFLOW_CTX_TASK_ID=unzip_data
AIRFLOW_CTX_EXECUTION_DATE=2023-04-02T16:33:28.236193+00:00
AIRFLOW_CTX_TRY_NUMBER=1
AIRFLOW_CTX_DAG_RUN_ID=scheduled__2023-04-02T16:33:28.236193+00:00
[2023-04-03T16:34:24.572+0000] {subprocess.py:63} INFO - Tmp dir root location: 
 /tmp
[2023-04-03T16:34:24.573+0000] {subprocess.py:75} INFO - Running command: ['/bin/bash', '-c', '\n            cd /opt/***/dags/data\n            unzip -o 202201-citibike-tripdata.csv.zip\n        ']
[2023-04-03T16:34:24.585+0000] {subprocess.py:86} INFO - Output:
[2023-04-03T16:34:24.593+0000] {subprocess.py:93} INFO - Archive:  202201-citibike-tripdata.csv.zip
[2023-04-03T16:34:25.970+0000] {subprocess.py:93} INFO -   inflating: 202201-citibike-tripdata.csv
[2023-04-03T16:34:25.970+0000] {subprocess.py:93} INFO -   inflating: __MACOSX/._202201-citibike-tripdata.csv
[2023-04-03T16:34:25.971+0000] {subprocess.py:97} INFO - Command exited with return code 0
[2023-04-03T16:34:25.993+0000] {taskinstance.py:1327} INFO - Marking task as SUCCESS. dag_id=citi_bikes_nyc, task_id=unzip_data, execution_date=20230402T163328, start_date=20230403T163424, end_date=20230403T163425
[2023-04-03T16:34:26.037+0000] {local_task_job.py:159} INFO - Task exited with return code 0
[2023-04-03T16:34:26.056+0000] {taskinstance.py:2582} INFO - 1 downstream tasks scheduled from follow-on schedule check
