[2023-03-30T16:56:19.809+0000] {taskinstance.py:1087} INFO - Dependencies all met for <TaskInstance: citi_bikes_nyc.download_citi_bike_data manual__2023-03-30T16:56:18.170458+00:00 [queued]>
[2023-03-30T16:56:19.815+0000] {taskinstance.py:1087} INFO - Dependencies all met for <TaskInstance: citi_bikes_nyc.download_citi_bike_data manual__2023-03-30T16:56:18.170458+00:00 [queued]>
[2023-03-30T16:56:19.815+0000] {taskinstance.py:1283} INFO - 
--------------------------------------------------------------------------------
[2023-03-30T16:56:19.815+0000] {taskinstance.py:1284} INFO - Starting attempt 1 of 2
[2023-03-30T16:56:19.815+0000] {taskinstance.py:1285} INFO - 
--------------------------------------------------------------------------------
[2023-03-30T16:56:19.824+0000] {taskinstance.py:1304} INFO - Executing <Task(BashOperator): download_citi_bike_data> on 2023-03-30 16:56:18.170458+00:00
[2023-03-30T16:56:19.830+0000] {standard_task_runner.py:55} INFO - Started process 13224 to run task
[2023-03-30T16:56:19.832+0000] {standard_task_runner.py:82} INFO - Running: ['***', 'tasks', 'run', 'citi_bikes_nyc', 'download_citi_bike_data', 'manual__2023-03-30T16:56:18.170458+00:00', '--job-id', '274', '--raw', '--subdir', 'DAGS_FOLDER/citi_bikes_nyc.py', '--cfg-path', '/tmp/tmp0yp2vlhz']
[2023-03-30T16:56:19.834+0000] {standard_task_runner.py:83} INFO - Job 274: Subtask download_citi_bike_data
[2023-03-30T16:56:19.879+0000] {task_command.py:389} INFO - Running <TaskInstance: citi_bikes_nyc.download_citi_bike_data manual__2023-03-30T16:56:18.170458+00:00 [running]> on host ea14cce7ead9
[2023-03-30T16:56:19.925+0000] {taskinstance.py:1513} INFO - Exporting the following env vars:
AIRFLOW_CTX_DAG_OWNER=***
AIRFLOW_CTX_DAG_ID=citi_bikes_nyc
AIRFLOW_CTX_TASK_ID=download_citi_bike_data
AIRFLOW_CTX_EXECUTION_DATE=2023-03-30T16:56:18.170458+00:00
AIRFLOW_CTX_TRY_NUMBER=1
AIRFLOW_CTX_DAG_RUN_ID=manual__2023-03-30T16:56:18.170458+00:00
[2023-03-30T16:56:19.926+0000] {subprocess.py:63} INFO - Tmp dir root location: 
 /tmp
[2023-03-30T16:56:19.926+0000] {subprocess.py:75} INFO - Running command: ['/bin/bash', '-c', 'curl -o /opt/***/dags/data/202201-citibike-tripdata.csv.zip https://s3.amazonaws.com/tripdata/202201-citibike-tripdata.csv.zip']
[2023-03-30T16:56:19.936+0000] {subprocess.py:86} INFO - Output:
[2023-03-30T16:56:19.942+0000] {subprocess.py:93} INFO -   % Total    % Received % Xferd  Average Speed   Time    Time     Time  Current
[2023-03-30T16:56:19.942+0000] {subprocess.py:93} INFO -                                  Dload  Upload   Total   Spent    Left  Speed
[2023-03-30T16:57:00.627+0000] {local_task_job.py:224} WARNING - State of this instance has been externally set to success. Terminating instance.
[2023-03-30T16:57:00.628+0000] {process_utils.py:133} INFO - Sending Signals.SIGTERM to group 13224. PIDs of all processes in the group: [13225, 13224]
[2023-03-30T16:57:00.628+0000] {process_utils.py:84} INFO - Sending the signal Signals.SIGTERM to group 13224
[2023-03-30T16:57:00.628+0000] {taskinstance.py:1483} ERROR - Received SIGTERM. Terminating subprocesses.
[2023-03-30T16:57:00.628+0000] {subprocess.py:104} INFO - Sending SIGTERM signal to process group
[2023-03-30T16:57:00.655+0000] {process_utils.py:79} INFO - Process psutil.Process(pid=13224, status='terminated', exitcode=0, started='16:56:19') (13224) terminated with exit code 0
[2023-03-30T16:57:00.655+0000] {process_utils.py:79} INFO - Process psutil.Process(pid=13225, status='terminated', started='16:56:19') (13225) terminated with exit code None
