[2023-04-03T16:38:26.934+0000] {taskinstance.py:1087} INFO - Dependencies all met for <TaskInstance: citi_bikes_nyc.unzip_data manual__2023-04-03T16:37:02.607335+00:00 [queued]>
[2023-04-03T16:38:26.941+0000] {taskinstance.py:1087} INFO - Dependencies all met for <TaskInstance: citi_bikes_nyc.unzip_data manual__2023-04-03T16:37:02.607335+00:00 [queued]>
[2023-04-03T16:38:26.941+0000] {taskinstance.py:1283} INFO - 
--------------------------------------------------------------------------------
[2023-04-03T16:38:26.941+0000] {taskinstance.py:1284} INFO - Starting attempt 1 of 1
[2023-04-03T16:38:26.941+0000] {taskinstance.py:1285} INFO - 
--------------------------------------------------------------------------------
[2023-04-03T16:38:26.951+0000] {taskinstance.py:1304} INFO - Executing <Task(BashOperator): unzip_data> on 2023-04-03 16:37:02.607335+00:00
[2023-04-03T16:38:26.958+0000] {standard_task_runner.py:55} INFO - Started process 574 to run task
[2023-04-03T16:38:26.961+0000] {standard_task_runner.py:82} INFO - Running: ['***', 'tasks', 'run', 'citi_bikes_nyc', 'unzip_data', 'manual__2023-04-03T16:37:02.607335+00:00', '--job-id', '322', '--raw', '--subdir', 'DAGS_FOLDER/citi_bikes_nyc.py', '--cfg-path', '/tmp/tmpyiok_1ak']
[2023-04-03T16:38:26.962+0000] {standard_task_runner.py:83} INFO - Job 322: Subtask unzip_data
[2023-04-03T16:38:27.012+0000] {task_command.py:389} INFO - Running <TaskInstance: citi_bikes_nyc.unzip_data manual__2023-04-03T16:37:02.607335+00:00 [running]> on host 3367fdfa05b8
[2023-04-03T16:38:27.059+0000] {taskinstance.py:1513} INFO - Exporting the following env vars:
AIRFLOW_CTX_DAG_OWNER=***
AIRFLOW_CTX_DAG_ID=citi_bikes_nyc
AIRFLOW_CTX_TASK_ID=unzip_data
AIRFLOW_CTX_EXECUTION_DATE=2023-04-03T16:37:02.607335+00:00
AIRFLOW_CTX_TRY_NUMBER=1
AIRFLOW_CTX_DAG_RUN_ID=manual__2023-04-03T16:37:02.607335+00:00
[2023-04-03T16:38:27.060+0000] {subprocess.py:63} INFO - Tmp dir root location: 
 /tmp
[2023-04-03T16:38:27.061+0000] {subprocess.py:75} INFO - Running command: ['/bin/bash', '-c', '\n            cd /opt/***/dags/data\n            unzip -o 202202-citibike-tripdata.csv.zip\n        ']
[2023-04-03T16:38:27.073+0000] {subprocess.py:86} INFO - Output:
[2023-04-03T16:38:27.075+0000] {subprocess.py:93} INFO - Archive:  202202-citibike-tripdata.csv.zip
[2023-04-03T16:38:28.319+0000] {subprocess.py:93} INFO -   inflating: 202202-citibike-tripdata.csv
[2023-04-03T16:38:28.320+0000] {subprocess.py:93} INFO -   inflating: __MACOSX/._202202-citibike-tripdata.csv
[2023-04-03T16:38:28.320+0000] {subprocess.py:97} INFO - Command exited with return code 0
[2023-04-03T16:38:28.341+0000] {taskinstance.py:1327} INFO - Marking task as SUCCESS. dag_id=citi_bikes_nyc, task_id=unzip_data, execution_date=20230403T163702, start_date=20230403T163826, end_date=20230403T163828
[2023-04-03T16:38:28.375+0000] {local_task_job.py:159} INFO - Task exited with return code 0
[2023-04-03T16:38:28.394+0000] {taskinstance.py:2582} INFO - 1 downstream tasks scheduled from follow-on schedule check
