[2023-03-30T17:12:28.915+0000] {taskinstance.py:1087} INFO - Dependencies all met for <TaskInstance: citi_bikes_nyc.load_data_to_google_bucket manual__2023-03-30T17:11:34.964263+00:00 [queued]>
[2023-03-30T17:12:28.923+0000] {taskinstance.py:1087} INFO - Dependencies all met for <TaskInstance: citi_bikes_nyc.load_data_to_google_bucket manual__2023-03-30T17:11:34.964263+00:00 [queued]>
[2023-03-30T17:12:28.923+0000] {taskinstance.py:1283} INFO - 
--------------------------------------------------------------------------------
[2023-03-30T17:12:28.923+0000] {taskinstance.py:1284} INFO - Starting attempt 1 of 2
[2023-03-30T17:12:28.923+0000] {taskinstance.py:1285} INFO - 
--------------------------------------------------------------------------------
[2023-03-30T17:12:28.934+0000] {taskinstance.py:1304} INFO - Executing <Task(_PythonDecoratedOperator): load_data_to_google_bucket> on 2023-03-30 17:11:34.964263+00:00
[2023-03-30T17:12:28.941+0000] {standard_task_runner.py:55} INFO - Started process 14967 to run task
[2023-03-30T17:12:28.944+0000] {standard_task_runner.py:82} INFO - Running: ['***', 'tasks', 'run', 'citi_bikes_nyc', 'load_data_to_google_bucket', 'manual__2023-03-30T17:11:34.964263+00:00', '--job-id', '282', '--raw', '--subdir', 'DAGS_FOLDER/citi_bikes_nyc.py', '--cfg-path', '/tmp/tmp_nh0k7qn']
[2023-03-30T17:12:28.946+0000] {standard_task_runner.py:83} INFO - Job 282: Subtask load_data_to_google_bucket
[2023-03-30T17:12:28.995+0000] {task_command.py:389} INFO - Running <TaskInstance: citi_bikes_nyc.load_data_to_google_bucket manual__2023-03-30T17:11:34.964263+00:00 [running]> on host ea14cce7ead9
[2023-03-30T17:12:29.055+0000] {taskinstance.py:1513} INFO - Exporting the following env vars:
AIRFLOW_CTX_DAG_OWNER=***
AIRFLOW_CTX_DAG_ID=citi_bikes_nyc
AIRFLOW_CTX_TASK_ID=load_data_to_google_bucket
AIRFLOW_CTX_EXECUTION_DATE=2023-03-30T17:11:34.964263+00:00
AIRFLOW_CTX_TRY_NUMBER=1
AIRFLOW_CTX_DAG_RUN_ID=manual__2023-03-30T17:11:34.964263+00:00
[2023-03-30T17:12:29.727+0000] {logging_mixin.py:137} INFO - Bucket name:  citi_bikes_***_project
[2023-03-30T17:12:29.727+0000] {logging_mixin.py:137} INFO - GOOGLE_APPLICATION_CREDENTIALS: /opt/***/dags/credentials.json
[2023-03-30T17:12:39.228+0000] {logging_mixin.py:137} INFO - 202201-citibike-tripdata.csv.zip uploaded to Google Bucket
[2023-03-30T17:12:39.229+0000] {python.py:177} INFO - Done. Returned value was: None
[2023-03-30T17:12:39.239+0000] {taskinstance.py:1327} INFO - Marking task as SUCCESS. dag_id=citi_bikes_nyc, task_id=load_data_to_google_bucket, execution_date=20230330T171134, start_date=20230330T171228, end_date=20230330T171239
[2023-03-30T17:12:39.290+0000] {local_task_job.py:159} INFO - Task exited with return code 0
[2023-03-30T17:12:39.313+0000] {taskinstance.py:2582} INFO - 1 downstream tasks scheduled from follow-on schedule check
