[2023-04-03T16:34:26.928+0000] {taskinstance.py:1087} INFO - Dependencies all met for <TaskInstance: citi_bikes_nyc.load_data_to_bigquery scheduled__2023-04-02T16:33:28.236193+00:00 [queued]>
[2023-04-03T16:34:26.935+0000] {taskinstance.py:1087} INFO - Dependencies all met for <TaskInstance: citi_bikes_nyc.load_data_to_bigquery scheduled__2023-04-02T16:33:28.236193+00:00 [queued]>
[2023-04-03T16:34:26.935+0000] {taskinstance.py:1283} INFO - 
--------------------------------------------------------------------------------
[2023-04-03T16:34:26.935+0000] {taskinstance.py:1284} INFO - Starting attempt 1 of 1
[2023-04-03T16:34:26.935+0000] {taskinstance.py:1285} INFO - 
--------------------------------------------------------------------------------
[2023-04-03T16:34:26.945+0000] {taskinstance.py:1304} INFO - Executing <Task(_PythonDecoratedOperator): load_data_to_bigquery> on 2023-04-02 16:33:28.236193+00:00
[2023-04-03T16:34:26.952+0000] {standard_task_runner.py:55} INFO - Started process 135 to run task
[2023-04-03T16:34:26.955+0000] {standard_task_runner.py:82} INFO - Running: ['***', 'tasks', 'run', 'citi_bikes_nyc', 'load_data_to_bigquery', 'scheduled__2023-04-02T16:33:28.236193+00:00', '--job-id', '319', '--raw', '--subdir', 'DAGS_FOLDER/citi_bikes_nyc.py', '--cfg-path', '/tmp/tmpy0qebtpx']
[2023-04-03T16:34:26.957+0000] {standard_task_runner.py:83} INFO - Job 319: Subtask load_data_to_bigquery
[2023-04-03T16:34:27.007+0000] {task_command.py:389} INFO - Running <TaskInstance: citi_bikes_nyc.load_data_to_bigquery scheduled__2023-04-02T16:33:28.236193+00:00 [running]> on host 3367fdfa05b8
[2023-04-03T16:34:27.056+0000] {taskinstance.py:1513} INFO - Exporting the following env vars:
AIRFLOW_CTX_DAG_OWNER=***
AIRFLOW_CTX_DAG_ID=citi_bikes_nyc
AIRFLOW_CTX_TASK_ID=load_data_to_bigquery
AIRFLOW_CTX_EXECUTION_DATE=2023-04-02T16:33:28.236193+00:00
AIRFLOW_CTX_TRY_NUMBER=1
AIRFLOW_CTX_DAG_RUN_ID=scheduled__2023-04-02T16:33:28.236193+00:00
[2023-04-03T16:35:25.689+0000] {logging_mixin.py:137} INFO - Loaded 1052418 rows into amplified-bee-376217.citi_bikes_nyc.bikes_data.
[2023-04-03T16:35:25.983+0000] {logging_mixin.py:137} INFO - Loaded 3157254 rows.
[2023-04-03T16:35:25.984+0000] {python.py:177} INFO - Done. Returned value was: None
[2023-04-03T16:35:25.993+0000] {taskinstance.py:1327} INFO - Marking task as SUCCESS. dag_id=citi_bikes_nyc, task_id=load_data_to_bigquery, execution_date=20230402T163328, start_date=20230403T163426, end_date=20230403T163525
[2023-04-03T16:35:26.020+0000] {local_task_job.py:159} INFO - Task exited with return code 0
[2023-04-03T16:35:26.033+0000] {taskinstance.py:2582} INFO - 0 downstream tasks scheduled from follow-on schedule check
