[2023-04-03T17:10:25.428+0000] {taskinstance.py:1087} INFO - Dependencies all met for <TaskInstance: citi_bikes_nyc.unzip_data manual__2023-04-03T17:09:38.727578+00:00 [queued]>
[2023-04-03T17:10:25.438+0000] {taskinstance.py:1087} INFO - Dependencies all met for <TaskInstance: citi_bikes_nyc.unzip_data manual__2023-04-03T17:09:38.727578+00:00 [queued]>
[2023-04-03T17:10:25.438+0000] {taskinstance.py:1283} INFO - 
--------------------------------------------------------------------------------
[2023-04-03T17:10:25.439+0000] {taskinstance.py:1284} INFO - Starting attempt 1 of 1
[2023-04-03T17:10:25.439+0000] {taskinstance.py:1285} INFO - 
--------------------------------------------------------------------------------
[2023-04-03T17:10:25.451+0000] {taskinstance.py:1304} INFO - Executing <Task(BashOperator): unzip_data> on 2023-04-03 17:09:38.727578+00:00
[2023-04-03T17:10:25.457+0000] {standard_task_runner.py:55} INFO - Started process 3974 to run task
[2023-04-03T17:10:25.460+0000] {standard_task_runner.py:82} INFO - Running: ['***', 'tasks', 'run', 'citi_bikes_nyc', 'unzip_data', 'manual__2023-04-03T17:09:38.727578+00:00', '--job-id', '326', '--raw', '--subdir', 'DAGS_FOLDER/citi_bikes_nyc.py', '--cfg-path', '/tmp/tmpwch1jbqj']
[2023-04-03T17:10:25.461+0000] {standard_task_runner.py:83} INFO - Job 326: Subtask unzip_data
[2023-04-03T17:10:25.506+0000] {task_command.py:389} INFO - Running <TaskInstance: citi_bikes_nyc.unzip_data manual__2023-04-03T17:09:38.727578+00:00 [running]> on host 3367fdfa05b8
[2023-04-03T17:10:25.555+0000] {taskinstance.py:1513} INFO - Exporting the following env vars:
AIRFLOW_CTX_DAG_OWNER=***
AIRFLOW_CTX_DAG_ID=citi_bikes_nyc
AIRFLOW_CTX_TASK_ID=unzip_data
AIRFLOW_CTX_EXECUTION_DATE=2023-04-03T17:09:38.727578+00:00
AIRFLOW_CTX_TRY_NUMBER=1
AIRFLOW_CTX_DAG_RUN_ID=manual__2023-04-03T17:09:38.727578+00:00
[2023-04-03T17:10:25.556+0000] {subprocess.py:63} INFO - Tmp dir root location: 
 /tmp
[2023-04-03T17:10:25.556+0000] {subprocess.py:75} INFO - Running command: ['/bin/bash', '-c', '\n            cd /opt/***/dags/data\n            unzip -o 202201-citibike-tripdata.csv.zip\n        ']
[2023-04-03T17:10:25.567+0000] {subprocess.py:86} INFO - Output:
[2023-04-03T17:10:25.570+0000] {subprocess.py:93} INFO - Archive:  202201-citibike-tripdata.csv.zip
[2023-04-03T17:10:26.720+0000] {subprocess.py:93} INFO -   inflating: 202201-citibike-tripdata.csv
[2023-04-03T17:10:26.720+0000] {subprocess.py:93} INFO -   inflating: __MACOSX/._202201-citibike-tripdata.csv
[2023-04-03T17:10:26.721+0000] {subprocess.py:97} INFO - Command exited with return code 0
[2023-04-03T17:10:26.738+0000] {taskinstance.py:1327} INFO - Marking task as SUCCESS. dag_id=citi_bikes_nyc, task_id=unzip_data, execution_date=20230403T170938, start_date=20230403T171025, end_date=20230403T171026
[2023-04-03T17:10:26.754+0000] {local_task_job.py:159} INFO - Task exited with return code 0
[2023-04-03T17:10:26.770+0000] {taskinstance.py:2582} INFO - 1 downstream tasks scheduled from follow-on schedule check
