[2023-03-30T14:33:21.303+0000] {processor.py:153} INFO - Started process (PID=3744) to work on /opt/airflow/dags/helpers/Helper.py
[2023-03-30T14:33:21.304+0000] {processor.py:743} INFO - Processing file /opt/airflow/dags/helpers/Helper.py for tasks to queue
[2023-03-30T14:33:21.304+0000] {logging_mixin.py:137} INFO - [2023-03-30T14:33:21.304+0000] {dagbag.py:538} INFO - Filling up the DagBag from /opt/airflow/dags/helpers/Helper.py
[2023-03-30T14:33:21.341+0000] {processor.py:755} WARNING - No viable dags retrieved from /opt/airflow/dags/helpers/Helper.py
[2023-03-30T14:33:21.350+0000] {processor.py:175} INFO - Processing /opt/airflow/dags/helpers/Helper.py took 0.049 seconds
[2023-03-30T14:33:52.081+0000] {processor.py:153} INFO - Started process (PID=3854) to work on /opt/airflow/dags/helpers/Helper.py
[2023-03-30T14:33:52.082+0000] {processor.py:743} INFO - Processing file /opt/airflow/dags/helpers/Helper.py for tasks to queue
[2023-03-30T14:33:52.083+0000] {logging_mixin.py:137} INFO - [2023-03-30T14:33:52.083+0000] {dagbag.py:538} INFO - Filling up the DagBag from /opt/airflow/dags/helpers/Helper.py
[2023-03-30T14:33:52.138+0000] {processor.py:755} WARNING - No viable dags retrieved from /opt/airflow/dags/helpers/Helper.py
[2023-03-30T14:33:52.148+0000] {processor.py:175} INFO - Processing /opt/airflow/dags/helpers/Helper.py took 0.070 seconds
[2023-03-30T14:34:22.547+0000] {processor.py:153} INFO - Started process (PID=3984) to work on /opt/airflow/dags/helpers/Helper.py
[2023-03-30T14:34:22.549+0000] {processor.py:743} INFO - Processing file /opt/airflow/dags/helpers/Helper.py for tasks to queue
[2023-03-30T14:34:22.549+0000] {logging_mixin.py:137} INFO - [2023-03-30T14:34:22.549+0000] {dagbag.py:538} INFO - Filling up the DagBag from /opt/airflow/dags/helpers/Helper.py
[2023-03-30T14:34:22.594+0000] {processor.py:755} WARNING - No viable dags retrieved from /opt/airflow/dags/helpers/Helper.py
[2023-03-30T14:34:22.603+0000] {processor.py:175} INFO - Processing /opt/airflow/dags/helpers/Helper.py took 0.059 seconds
[2023-03-30T14:34:53.068+0000] {processor.py:153} INFO - Started process (PID=4093) to work on /opt/airflow/dags/helpers/Helper.py
[2023-03-30T14:34:53.069+0000] {processor.py:743} INFO - Processing file /opt/airflow/dags/helpers/Helper.py for tasks to queue
[2023-03-30T14:34:53.070+0000] {logging_mixin.py:137} INFO - [2023-03-30T14:34:53.070+0000] {dagbag.py:538} INFO - Filling up the DagBag from /opt/airflow/dags/helpers/Helper.py
[2023-03-30T14:34:53.107+0000] {processor.py:755} WARNING - No viable dags retrieved from /opt/airflow/dags/helpers/Helper.py
[2023-03-30T14:34:53.117+0000] {processor.py:175} INFO - Processing /opt/airflow/dags/helpers/Helper.py took 0.050 seconds
[2023-03-30T14:35:23.352+0000] {processor.py:153} INFO - Started process (PID=4176) to work on /opt/airflow/dags/helpers/Helper.py
[2023-03-30T14:35:23.353+0000] {processor.py:743} INFO - Processing file /opt/airflow/dags/helpers/Helper.py for tasks to queue
[2023-03-30T14:35:23.353+0000] {logging_mixin.py:137} INFO - [2023-03-30T14:35:23.353+0000] {dagbag.py:538} INFO - Filling up the DagBag from /opt/airflow/dags/helpers/Helper.py
[2023-03-30T14:35:23.390+0000] {processor.py:755} WARNING - No viable dags retrieved from /opt/airflow/dags/helpers/Helper.py
[2023-03-30T14:35:23.400+0000] {processor.py:175} INFO - Processing /opt/airflow/dags/helpers/Helper.py took 0.050 seconds
[2023-03-30T14:35:53.771+0000] {processor.py:153} INFO - Started process (PID=4277) to work on /opt/airflow/dags/helpers/Helper.py
[2023-03-30T14:35:53.772+0000] {processor.py:743} INFO - Processing file /opt/airflow/dags/helpers/Helper.py for tasks to queue
[2023-03-30T14:35:53.772+0000] {logging_mixin.py:137} INFO - [2023-03-30T14:35:53.772+0000] {dagbag.py:538} INFO - Filling up the DagBag from /opt/airflow/dags/helpers/Helper.py
[2023-03-30T14:35:53.811+0000] {processor.py:755} WARNING - No viable dags retrieved from /opt/airflow/dags/helpers/Helper.py
[2023-03-30T14:35:53.821+0000] {processor.py:175} INFO - Processing /opt/airflow/dags/helpers/Helper.py took 0.052 seconds
[2023-03-30T14:36:24.248+0000] {processor.py:153} INFO - Started process (PID=4360) to work on /opt/airflow/dags/helpers/Helper.py
[2023-03-30T14:36:24.248+0000] {processor.py:743} INFO - Processing file /opt/airflow/dags/helpers/Helper.py for tasks to queue
[2023-03-30T14:36:24.249+0000] {logging_mixin.py:137} INFO - [2023-03-30T14:36:24.249+0000] {dagbag.py:538} INFO - Filling up the DagBag from /opt/airflow/dags/helpers/Helper.py
[2023-03-30T14:36:24.288+0000] {processor.py:755} WARNING - No viable dags retrieved from /opt/airflow/dags/helpers/Helper.py
[2023-03-30T14:36:24.297+0000] {processor.py:175} INFO - Processing /opt/airflow/dags/helpers/Helper.py took 0.052 seconds
[2023-03-30T14:36:54.585+0000] {processor.py:153} INFO - Started process (PID=4463) to work on /opt/airflow/dags/helpers/Helper.py
[2023-03-30T14:36:54.586+0000] {processor.py:743} INFO - Processing file /opt/airflow/dags/helpers/Helper.py for tasks to queue
[2023-03-30T14:36:54.586+0000] {logging_mixin.py:137} INFO - [2023-03-30T14:36:54.586+0000] {dagbag.py:538} INFO - Filling up the DagBag from /opt/airflow/dags/helpers/Helper.py
[2023-03-30T14:36:54.629+0000] {processor.py:755} WARNING - No viable dags retrieved from /opt/airflow/dags/helpers/Helper.py
[2023-03-30T14:36:54.640+0000] {processor.py:175} INFO - Processing /opt/airflow/dags/helpers/Helper.py took 0.058 seconds
[2023-03-30T14:37:24.989+0000] {processor.py:153} INFO - Started process (PID=4544) to work on /opt/airflow/dags/helpers/Helper.py
[2023-03-30T14:37:24.990+0000] {processor.py:743} INFO - Processing file /opt/airflow/dags/helpers/Helper.py for tasks to queue
[2023-03-30T14:37:24.990+0000] {logging_mixin.py:137} INFO - [2023-03-30T14:37:24.990+0000] {dagbag.py:538} INFO - Filling up the DagBag from /opt/airflow/dags/helpers/Helper.py
[2023-03-30T14:37:25.027+0000] {processor.py:755} WARNING - No viable dags retrieved from /opt/airflow/dags/helpers/Helper.py
[2023-03-30T14:37:25.036+0000] {processor.py:175} INFO - Processing /opt/airflow/dags/helpers/Helper.py took 0.049 seconds
[2023-03-30T14:37:55.294+0000] {processor.py:153} INFO - Started process (PID=4647) to work on /opt/airflow/dags/helpers/Helper.py
[2023-03-30T14:37:55.295+0000] {processor.py:743} INFO - Processing file /opt/airflow/dags/helpers/Helper.py for tasks to queue
[2023-03-30T14:37:55.295+0000] {logging_mixin.py:137} INFO - [2023-03-30T14:37:55.295+0000] {dagbag.py:538} INFO - Filling up the DagBag from /opt/airflow/dags/helpers/Helper.py
[2023-03-30T14:37:55.334+0000] {processor.py:755} WARNING - No viable dags retrieved from /opt/airflow/dags/helpers/Helper.py
[2023-03-30T14:37:55.342+0000] {processor.py:175} INFO - Processing /opt/airflow/dags/helpers/Helper.py took 0.051 seconds
[2023-03-30T14:38:25.419+0000] {processor.py:153} INFO - Started process (PID=4738) to work on /opt/airflow/dags/helpers/Helper.py
[2023-03-30T14:38:25.420+0000] {processor.py:743} INFO - Processing file /opt/airflow/dags/helpers/Helper.py for tasks to queue
[2023-03-30T14:38:25.420+0000] {logging_mixin.py:137} INFO - [2023-03-30T14:38:25.420+0000] {dagbag.py:538} INFO - Filling up the DagBag from /opt/airflow/dags/helpers/Helper.py
[2023-03-30T14:38:25.459+0000] {processor.py:755} WARNING - No viable dags retrieved from /opt/airflow/dags/helpers/Helper.py
[2023-03-30T14:38:25.469+0000] {processor.py:175} INFO - Processing /opt/airflow/dags/helpers/Helper.py took 0.053 seconds
[2023-03-30T14:38:55.651+0000] {processor.py:153} INFO - Started process (PID=4830) to work on /opt/airflow/dags/helpers/Helper.py
[2023-03-30T14:38:55.652+0000] {processor.py:743} INFO - Processing file /opt/airflow/dags/helpers/Helper.py for tasks to queue
[2023-03-30T14:38:55.652+0000] {logging_mixin.py:137} INFO - [2023-03-30T14:38:55.652+0000] {dagbag.py:538} INFO - Filling up the DagBag from /opt/airflow/dags/helpers/Helper.py
[2023-03-30T14:38:55.691+0000] {processor.py:755} WARNING - No viable dags retrieved from /opt/airflow/dags/helpers/Helper.py
[2023-03-30T14:38:55.700+0000] {processor.py:175} INFO - Processing /opt/airflow/dags/helpers/Helper.py took 0.051 seconds
[2023-03-30T14:39:25.933+0000] {processor.py:153} INFO - Started process (PID=4933) to work on /opt/airflow/dags/helpers/Helper.py
[2023-03-30T14:39:25.933+0000] {processor.py:743} INFO - Processing file /opt/airflow/dags/helpers/Helper.py for tasks to queue
[2023-03-30T14:39:25.934+0000] {logging_mixin.py:137} INFO - [2023-03-30T14:39:25.934+0000] {dagbag.py:538} INFO - Filling up the DagBag from /opt/airflow/dags/helpers/Helper.py
[2023-03-30T14:39:25.972+0000] {processor.py:755} WARNING - No viable dags retrieved from /opt/airflow/dags/helpers/Helper.py
[2023-03-30T14:39:25.982+0000] {processor.py:175} INFO - Processing /opt/airflow/dags/helpers/Helper.py took 0.052 seconds
[2023-03-30T14:39:56.253+0000] {processor.py:153} INFO - Started process (PID=5016) to work on /opt/airflow/dags/helpers/Helper.py
[2023-03-30T14:39:56.253+0000] {processor.py:743} INFO - Processing file /opt/airflow/dags/helpers/Helper.py for tasks to queue
[2023-03-30T14:39:56.254+0000] {logging_mixin.py:137} INFO - [2023-03-30T14:39:56.254+0000] {dagbag.py:538} INFO - Filling up the DagBag from /opt/airflow/dags/helpers/Helper.py
[2023-03-30T14:39:56.291+0000] {processor.py:755} WARNING - No viable dags retrieved from /opt/airflow/dags/helpers/Helper.py
[2023-03-30T14:39:56.301+0000] {processor.py:175} INFO - Processing /opt/airflow/dags/helpers/Helper.py took 0.051 seconds
[2023-03-30T14:40:26.505+0000] {processor.py:153} INFO - Started process (PID=5119) to work on /opt/airflow/dags/helpers/Helper.py
[2023-03-30T14:40:26.506+0000] {processor.py:743} INFO - Processing file /opt/airflow/dags/helpers/Helper.py for tasks to queue
[2023-03-30T14:40:26.506+0000] {logging_mixin.py:137} INFO - [2023-03-30T14:40:26.506+0000] {dagbag.py:538} INFO - Filling up the DagBag from /opt/airflow/dags/helpers/Helper.py
[2023-03-30T14:40:26.543+0000] {processor.py:755} WARNING - No viable dags retrieved from /opt/airflow/dags/helpers/Helper.py
[2023-03-30T14:40:26.553+0000] {processor.py:175} INFO - Processing /opt/airflow/dags/helpers/Helper.py took 0.050 seconds
[2023-03-30T14:40:56.718+0000] {processor.py:153} INFO - Started process (PID=5200) to work on /opt/airflow/dags/helpers/Helper.py
[2023-03-30T14:40:56.719+0000] {processor.py:743} INFO - Processing file /opt/airflow/dags/helpers/Helper.py for tasks to queue
[2023-03-30T14:40:56.719+0000] {logging_mixin.py:137} INFO - [2023-03-30T14:40:56.719+0000] {dagbag.py:538} INFO - Filling up the DagBag from /opt/airflow/dags/helpers/Helper.py
[2023-03-30T14:40:56.758+0000] {processor.py:755} WARNING - No viable dags retrieved from /opt/airflow/dags/helpers/Helper.py
[2023-03-30T14:40:56.767+0000] {processor.py:175} INFO - Processing /opt/airflow/dags/helpers/Helper.py took 0.052 seconds
[2023-03-30T14:41:27.027+0000] {processor.py:153} INFO - Started process (PID=5302) to work on /opt/airflow/dags/helpers/Helper.py
[2023-03-30T14:41:27.028+0000] {processor.py:743} INFO - Processing file /opt/airflow/dags/helpers/Helper.py for tasks to queue
[2023-03-30T14:41:27.029+0000] {logging_mixin.py:137} INFO - [2023-03-30T14:41:27.029+0000] {dagbag.py:538} INFO - Filling up the DagBag from /opt/airflow/dags/helpers/Helper.py
[2023-03-30T14:41:27.076+0000] {processor.py:755} WARNING - No viable dags retrieved from /opt/airflow/dags/helpers/Helper.py
[2023-03-30T14:41:27.086+0000] {processor.py:175} INFO - Processing /opt/airflow/dags/helpers/Helper.py took 0.063 seconds
[2023-03-30T14:41:57.361+0000] {processor.py:153} INFO - Started process (PID=5385) to work on /opt/airflow/dags/helpers/Helper.py
[2023-03-30T14:41:57.361+0000] {processor.py:743} INFO - Processing file /opt/airflow/dags/helpers/Helper.py for tasks to queue
[2023-03-30T14:41:57.362+0000] {logging_mixin.py:137} INFO - [2023-03-30T14:41:57.362+0000] {dagbag.py:538} INFO - Filling up the DagBag from /opt/airflow/dags/helpers/Helper.py
[2023-03-30T14:41:57.398+0000] {processor.py:755} WARNING - No viable dags retrieved from /opt/airflow/dags/helpers/Helper.py
[2023-03-30T14:41:57.407+0000] {processor.py:175} INFO - Processing /opt/airflow/dags/helpers/Helper.py took 0.049 seconds
[2023-03-30T14:42:27.582+0000] {processor.py:153} INFO - Started process (PID=5487) to work on /opt/airflow/dags/helpers/Helper.py
[2023-03-30T14:42:27.583+0000] {processor.py:743} INFO - Processing file /opt/airflow/dags/helpers/Helper.py for tasks to queue
[2023-03-30T14:42:27.584+0000] {logging_mixin.py:137} INFO - [2023-03-30T14:42:27.584+0000] {dagbag.py:538} INFO - Filling up the DagBag from /opt/airflow/dags/helpers/Helper.py
[2023-03-30T14:42:27.623+0000] {processor.py:755} WARNING - No viable dags retrieved from /opt/airflow/dags/helpers/Helper.py
[2023-03-30T14:42:27.633+0000] {processor.py:175} INFO - Processing /opt/airflow/dags/helpers/Helper.py took 0.052 seconds
[2023-03-30T14:42:58.160+0000] {processor.py:153} INFO - Started process (PID=5576) to work on /opt/airflow/dags/helpers/Helper.py
[2023-03-30T14:42:58.160+0000] {processor.py:743} INFO - Processing file /opt/airflow/dags/helpers/Helper.py for tasks to queue
[2023-03-30T14:42:58.161+0000] {logging_mixin.py:137} INFO - [2023-03-30T14:42:58.161+0000] {dagbag.py:538} INFO - Filling up the DagBag from /opt/airflow/dags/helpers/Helper.py
[2023-03-30T14:42:58.205+0000] {processor.py:755} WARNING - No viable dags retrieved from /opt/airflow/dags/helpers/Helper.py
[2023-03-30T14:42:58.215+0000] {processor.py:175} INFO - Processing /opt/airflow/dags/helpers/Helper.py took 0.058 seconds
[2023-03-30T14:43:29.152+0000] {processor.py:153} INFO - Started process (PID=5671) to work on /opt/airflow/dags/helpers/Helper.py
[2023-03-30T14:43:29.153+0000] {processor.py:743} INFO - Processing file /opt/airflow/dags/helpers/Helper.py for tasks to queue
[2023-03-30T14:43:29.154+0000] {logging_mixin.py:137} INFO - [2023-03-30T14:43:29.154+0000] {dagbag.py:538} INFO - Filling up the DagBag from /opt/airflow/dags/helpers/Helper.py
[2023-03-30T14:43:29.201+0000] {processor.py:755} WARNING - No viable dags retrieved from /opt/airflow/dags/helpers/Helper.py
[2023-03-30T14:43:29.212+0000] {processor.py:175} INFO - Processing /opt/airflow/dags/helpers/Helper.py took 0.062 seconds
[2023-03-30T14:43:59.699+0000] {processor.py:153} INFO - Started process (PID=5772) to work on /opt/airflow/dags/helpers/Helper.py
[2023-03-30T14:43:59.699+0000] {processor.py:743} INFO - Processing file /opt/airflow/dags/helpers/Helper.py for tasks to queue
[2023-03-30T14:43:59.700+0000] {logging_mixin.py:137} INFO - [2023-03-30T14:43:59.700+0000] {dagbag.py:538} INFO - Filling up the DagBag from /opt/airflow/dags/helpers/Helper.py
[2023-03-30T14:43:59.744+0000] {processor.py:755} WARNING - No viable dags retrieved from /opt/airflow/dags/helpers/Helper.py
[2023-03-30T14:43:59.754+0000] {processor.py:175} INFO - Processing /opt/airflow/dags/helpers/Helper.py took 0.058 seconds
[2023-03-30T14:44:30.020+0000] {processor.py:153} INFO - Started process (PID=5855) to work on /opt/airflow/dags/helpers/Helper.py
[2023-03-30T14:44:30.021+0000] {processor.py:743} INFO - Processing file /opt/airflow/dags/helpers/Helper.py for tasks to queue
[2023-03-30T14:44:30.021+0000] {logging_mixin.py:137} INFO - [2023-03-30T14:44:30.021+0000] {dagbag.py:538} INFO - Filling up the DagBag from /opt/airflow/dags/helpers/Helper.py
[2023-03-30T14:44:30.058+0000] {processor.py:755} WARNING - No viable dags retrieved from /opt/airflow/dags/helpers/Helper.py
[2023-03-30T14:44:30.067+0000] {processor.py:175} INFO - Processing /opt/airflow/dags/helpers/Helper.py took 0.050 seconds
[2023-03-30T14:44:40.084+0000] {processor.py:153} INFO - Started process (PID=5878) to work on /opt/airflow/dags/helpers/Helper.py
[2023-03-30T14:44:40.085+0000] {processor.py:743} INFO - Processing file /opt/airflow/dags/helpers/Helper.py for tasks to queue
[2023-03-30T14:44:40.085+0000] {logging_mixin.py:137} INFO - [2023-03-30T14:44:40.085+0000] {dagbag.py:538} INFO - Filling up the DagBag from /opt/airflow/dags/helpers/Helper.py
[2023-03-30T14:44:40.128+0000] {processor.py:755} WARNING - No viable dags retrieved from /opt/airflow/dags/helpers/Helper.py
[2023-03-30T14:44:40.138+0000] {processor.py:175} INFO - Processing /opt/airflow/dags/helpers/Helper.py took 0.056 seconds
[2023-03-30T14:45:10.469+0000] {processor.py:153} INFO - Started process (PID=5981) to work on /opt/airflow/dags/helpers/Helper.py
[2023-03-30T14:45:10.482+0000] {processor.py:743} INFO - Processing file /opt/airflow/dags/helpers/Helper.py for tasks to queue
[2023-03-30T14:45:10.483+0000] {logging_mixin.py:137} INFO - [2023-03-30T14:45:10.482+0000] {dagbag.py:538} INFO - Filling up the DagBag from /opt/airflow/dags/helpers/Helper.py
[2023-03-30T14:45:10.589+0000] {processor.py:755} WARNING - No viable dags retrieved from /opt/airflow/dags/helpers/Helper.py
[2023-03-30T14:45:10.605+0000] {processor.py:175} INFO - Processing /opt/airflow/dags/helpers/Helper.py took 0.140 seconds
[2023-03-30T14:45:40.697+0000] {processor.py:153} INFO - Started process (PID=6062) to work on /opt/airflow/dags/helpers/Helper.py
[2023-03-30T14:45:40.697+0000] {processor.py:743} INFO - Processing file /opt/airflow/dags/helpers/Helper.py for tasks to queue
[2023-03-30T14:45:40.698+0000] {logging_mixin.py:137} INFO - [2023-03-30T14:45:40.698+0000] {dagbag.py:538} INFO - Filling up the DagBag from /opt/airflow/dags/helpers/Helper.py
[2023-03-30T14:45:40.750+0000] {processor.py:755} WARNING - No viable dags retrieved from /opt/airflow/dags/helpers/Helper.py
[2023-03-30T14:45:40.759+0000] {processor.py:175} INFO - Processing /opt/airflow/dags/helpers/Helper.py took 0.064 seconds
[2023-03-30T14:46:11.047+0000] {processor.py:153} INFO - Started process (PID=6164) to work on /opt/airflow/dags/helpers/Helper.py
[2023-03-30T14:46:11.048+0000] {processor.py:743} INFO - Processing file /opt/airflow/dags/helpers/Helper.py for tasks to queue
[2023-03-30T14:46:11.049+0000] {logging_mixin.py:137} INFO - [2023-03-30T14:46:11.049+0000] {dagbag.py:538} INFO - Filling up the DagBag from /opt/airflow/dags/helpers/Helper.py
[2023-03-30T14:46:11.090+0000] {processor.py:755} WARNING - No viable dags retrieved from /opt/airflow/dags/helpers/Helper.py
[2023-03-30T14:46:11.100+0000] {processor.py:175} INFO - Processing /opt/airflow/dags/helpers/Helper.py took 0.055 seconds
[2023-03-30T14:46:13.127+0000] {processor.py:153} INFO - Started process (PID=6166) to work on /opt/airflow/dags/helpers/Helper.py
[2023-03-30T14:46:13.127+0000] {processor.py:743} INFO - Processing file /opt/airflow/dags/helpers/Helper.py for tasks to queue
[2023-03-30T14:46:13.128+0000] {logging_mixin.py:137} INFO - [2023-03-30T14:46:13.127+0000] {dagbag.py:538} INFO - Filling up the DagBag from /opt/airflow/dags/helpers/Helper.py
[2023-03-30T14:46:13.166+0000] {processor.py:755} WARNING - No viable dags retrieved from /opt/airflow/dags/helpers/Helper.py
[2023-03-30T14:46:13.178+0000] {processor.py:175} INFO - Processing /opt/airflow/dags/helpers/Helper.py took 0.054 seconds
[2023-03-30T14:46:43.199+0000] {processor.py:153} INFO - Started process (PID=6248) to work on /opt/airflow/dags/helpers/Helper.py
[2023-03-30T14:46:43.200+0000] {processor.py:743} INFO - Processing file /opt/airflow/dags/helpers/Helper.py for tasks to queue
[2023-03-30T14:46:43.200+0000] {logging_mixin.py:137} INFO - [2023-03-30T14:46:43.200+0000] {dagbag.py:538} INFO - Filling up the DagBag from /opt/airflow/dags/helpers/Helper.py
[2023-03-30T14:46:43.236+0000] {processor.py:755} WARNING - No viable dags retrieved from /opt/airflow/dags/helpers/Helper.py
[2023-03-30T14:46:43.246+0000] {processor.py:175} INFO - Processing /opt/airflow/dags/helpers/Helper.py took 0.049 seconds
[2023-03-30T14:46:59.351+0000] {processor.py:153} INFO - Started process (PID=6327) to work on /opt/airflow/dags/helpers/Helper.py
[2023-03-30T14:46:59.353+0000] {processor.py:743} INFO - Processing file /opt/airflow/dags/helpers/Helper.py for tasks to queue
[2023-03-30T14:46:59.353+0000] {logging_mixin.py:137} INFO - [2023-03-30T14:46:59.353+0000] {dagbag.py:538} INFO - Filling up the DagBag from /opt/airflow/dags/helpers/Helper.py
[2023-03-30T14:46:59.391+0000] {processor.py:755} WARNING - No viable dags retrieved from /opt/airflow/dags/helpers/Helper.py
[2023-03-30T14:46:59.400+0000] {processor.py:175} INFO - Processing /opt/airflow/dags/helpers/Helper.py took 0.051 seconds
[2023-03-30T14:47:29.672+0000] {processor.py:153} INFO - Started process (PID=6409) to work on /opt/airflow/dags/helpers/Helper.py
[2023-03-30T14:47:29.672+0000] {processor.py:743} INFO - Processing file /opt/airflow/dags/helpers/Helper.py for tasks to queue
[2023-03-30T14:47:29.673+0000] {logging_mixin.py:137} INFO - [2023-03-30T14:47:29.673+0000] {dagbag.py:538} INFO - Filling up the DagBag from /opt/airflow/dags/helpers/Helper.py
[2023-03-30T14:47:29.710+0000] {processor.py:755} WARNING - No viable dags retrieved from /opt/airflow/dags/helpers/Helper.py
[2023-03-30T14:47:29.718+0000] {processor.py:175} INFO - Processing /opt/airflow/dags/helpers/Helper.py took 0.049 seconds
[2023-03-30T14:48:00.697+0000] {processor.py:153} INFO - Started process (PID=6540) to work on /opt/airflow/dags/helpers/Helper.py
[2023-03-30T14:48:00.698+0000] {processor.py:743} INFO - Processing file /opt/airflow/dags/helpers/Helper.py for tasks to queue
[2023-03-30T14:48:00.699+0000] {logging_mixin.py:137} INFO - [2023-03-30T14:48:00.699+0000] {dagbag.py:538} INFO - Filling up the DagBag from /opt/airflow/dags/helpers/Helper.py
[2023-03-30T14:48:00.744+0000] {processor.py:755} WARNING - No viable dags retrieved from /opt/airflow/dags/helpers/Helper.py
[2023-03-30T14:48:00.758+0000] {processor.py:175} INFO - Processing /opt/airflow/dags/helpers/Helper.py took 0.064 seconds
[2023-03-30T14:48:30.808+0000] {processor.py:153} INFO - Started process (PID=6644) to work on /opt/airflow/dags/helpers/Helper.py
[2023-03-30T14:48:30.809+0000] {processor.py:743} INFO - Processing file /opt/airflow/dags/helpers/Helper.py for tasks to queue
[2023-03-30T14:48:30.810+0000] {logging_mixin.py:137} INFO - [2023-03-30T14:48:30.810+0000] {dagbag.py:538} INFO - Filling up the DagBag from /opt/airflow/dags/helpers/Helper.py
[2023-03-30T14:48:30.847+0000] {processor.py:755} WARNING - No viable dags retrieved from /opt/airflow/dags/helpers/Helper.py
[2023-03-30T14:48:30.856+0000] {processor.py:175} INFO - Processing /opt/airflow/dags/helpers/Helper.py took 0.050 seconds
[2023-03-30T14:49:00.886+0000] {processor.py:153} INFO - Started process (PID=6746) to work on /opt/airflow/dags/helpers/Helper.py
[2023-03-30T14:49:00.886+0000] {processor.py:743} INFO - Processing file /opt/airflow/dags/helpers/Helper.py for tasks to queue
[2023-03-30T14:49:00.887+0000] {logging_mixin.py:137} INFO - [2023-03-30T14:49:00.887+0000] {dagbag.py:538} INFO - Filling up the DagBag from /opt/airflow/dags/helpers/Helper.py
[2023-03-30T14:49:00.927+0000] {processor.py:755} WARNING - No viable dags retrieved from /opt/airflow/dags/helpers/Helper.py
[2023-03-30T14:49:00.938+0000] {processor.py:175} INFO - Processing /opt/airflow/dags/helpers/Helper.py took 0.055 seconds
[2023-03-30T14:49:03.905+0000] {processor.py:153} INFO - Started process (PID=6747) to work on /opt/airflow/dags/helpers/Helper.py
[2023-03-30T14:49:03.906+0000] {processor.py:743} INFO - Processing file /opt/airflow/dags/helpers/Helper.py for tasks to queue
[2023-03-30T14:49:03.906+0000] {logging_mixin.py:137} INFO - [2023-03-30T14:49:03.906+0000] {dagbag.py:538} INFO - Filling up the DagBag from /opt/airflow/dags/helpers/Helper.py
[2023-03-30T14:49:03.906+0000] {logging_mixin.py:137} INFO - [2023-03-30T14:49:03.906+0000] {dagbag.py:320} INFO - File /opt/airflow/dags/helpers/Helper.py assumed to contain no DAGs. Skipping.
[2023-03-30T14:49:03.906+0000] {processor.py:755} WARNING - No viable dags retrieved from /opt/airflow/dags/helpers/Helper.py
[2023-03-30T14:49:03.916+0000] {processor.py:175} INFO - Processing /opt/airflow/dags/helpers/Helper.py took 0.014 seconds
[2023-03-30T14:49:34.223+0000] {processor.py:153} INFO - Started process (PID=6850) to work on /opt/airflow/dags/helpers/Helper.py
[2023-03-30T14:49:34.224+0000] {processor.py:743} INFO - Processing file /opt/airflow/dags/helpers/Helper.py for tasks to queue
[2023-03-30T14:49:34.224+0000] {logging_mixin.py:137} INFO - [2023-03-30T14:49:34.224+0000] {dagbag.py:538} INFO - Filling up the DagBag from /opt/airflow/dags/helpers/Helper.py
[2023-03-30T14:49:34.225+0000] {logging_mixin.py:137} INFO - [2023-03-30T14:49:34.224+0000] {dagbag.py:320} INFO - File /opt/airflow/dags/helpers/Helper.py assumed to contain no DAGs. Skipping.
[2023-03-30T14:49:34.225+0000] {processor.py:755} WARNING - No viable dags retrieved from /opt/airflow/dags/helpers/Helper.py
[2023-03-30T14:49:34.233+0000] {processor.py:175} INFO - Processing /opt/airflow/dags/helpers/Helper.py took 0.012 seconds
[2023-03-30T14:50:04.263+0000] {processor.py:153} INFO - Started process (PID=6932) to work on /opt/airflow/dags/helpers/Helper.py
[2023-03-30T14:50:04.264+0000] {processor.py:743} INFO - Processing file /opt/airflow/dags/helpers/Helper.py for tasks to queue
[2023-03-30T14:50:04.265+0000] {logging_mixin.py:137} INFO - [2023-03-30T14:50:04.265+0000] {dagbag.py:538} INFO - Filling up the DagBag from /opt/airflow/dags/helpers/Helper.py
[2023-03-30T14:50:04.266+0000] {logging_mixin.py:137} INFO - [2023-03-30T14:50:04.266+0000] {dagbag.py:320} INFO - File /opt/airflow/dags/helpers/Helper.py assumed to contain no DAGs. Skipping.
[2023-03-30T14:50:04.266+0000] {processor.py:755} WARNING - No viable dags retrieved from /opt/airflow/dags/helpers/Helper.py
[2023-03-30T14:50:04.285+0000] {processor.py:175} INFO - Processing /opt/airflow/dags/helpers/Helper.py took 0.024 seconds
[2023-03-30T14:50:34.687+0000] {processor.py:153} INFO - Started process (PID=7033) to work on /opt/airflow/dags/helpers/Helper.py
[2023-03-30T14:50:34.687+0000] {processor.py:743} INFO - Processing file /opt/airflow/dags/helpers/Helper.py for tasks to queue
[2023-03-30T14:50:34.688+0000] {logging_mixin.py:137} INFO - [2023-03-30T14:50:34.688+0000] {dagbag.py:538} INFO - Filling up the DagBag from /opt/airflow/dags/helpers/Helper.py
[2023-03-30T14:50:34.688+0000] {logging_mixin.py:137} INFO - [2023-03-30T14:50:34.688+0000] {dagbag.py:320} INFO - File /opt/airflow/dags/helpers/Helper.py assumed to contain no DAGs. Skipping.
[2023-03-30T14:50:34.688+0000] {processor.py:755} WARNING - No viable dags retrieved from /opt/airflow/dags/helpers/Helper.py
[2023-03-30T14:50:34.698+0000] {processor.py:175} INFO - Processing /opt/airflow/dags/helpers/Helper.py took 0.013 seconds
[2023-03-30T14:51:04.956+0000] {processor.py:153} INFO - Started process (PID=7114) to work on /opt/airflow/dags/helpers/Helper.py
[2023-03-30T14:51:04.957+0000] {processor.py:743} INFO - Processing file /opt/airflow/dags/helpers/Helper.py for tasks to queue
[2023-03-30T14:51:04.958+0000] {logging_mixin.py:137} INFO - [2023-03-30T14:51:04.958+0000] {dagbag.py:538} INFO - Filling up the DagBag from /opt/airflow/dags/helpers/Helper.py
[2023-03-30T14:51:04.958+0000] {logging_mixin.py:137} INFO - [2023-03-30T14:51:04.958+0000] {dagbag.py:320} INFO - File /opt/airflow/dags/helpers/Helper.py assumed to contain no DAGs. Skipping.
[2023-03-30T14:51:04.958+0000] {processor.py:755} WARNING - No viable dags retrieved from /opt/airflow/dags/helpers/Helper.py
[2023-03-30T14:51:04.968+0000] {processor.py:175} INFO - Processing /opt/airflow/dags/helpers/Helper.py took 0.014 seconds
[2023-03-30T14:51:35.275+0000] {processor.py:153} INFO - Started process (PID=7216) to work on /opt/airflow/dags/helpers/Helper.py
[2023-03-30T14:51:35.275+0000] {processor.py:743} INFO - Processing file /opt/airflow/dags/helpers/Helper.py for tasks to queue
[2023-03-30T14:51:35.276+0000] {logging_mixin.py:137} INFO - [2023-03-30T14:51:35.276+0000] {dagbag.py:538} INFO - Filling up the DagBag from /opt/airflow/dags/helpers/Helper.py
[2023-03-30T14:51:35.276+0000] {logging_mixin.py:137} INFO - [2023-03-30T14:51:35.276+0000] {dagbag.py:320} INFO - File /opt/airflow/dags/helpers/Helper.py assumed to contain no DAGs. Skipping.
[2023-03-30T14:51:35.277+0000] {processor.py:755} WARNING - No viable dags retrieved from /opt/airflow/dags/helpers/Helper.py
[2023-03-30T14:51:35.290+0000] {processor.py:175} INFO - Processing /opt/airflow/dags/helpers/Helper.py took 0.018 seconds
[2023-03-30T14:52:05.574+0000] {processor.py:153} INFO - Started process (PID=7297) to work on /opt/airflow/dags/helpers/Helper.py
[2023-03-30T14:52:05.576+0000] {processor.py:743} INFO - Processing file /opt/airflow/dags/helpers/Helper.py for tasks to queue
[2023-03-30T14:52:05.577+0000] {logging_mixin.py:137} INFO - [2023-03-30T14:52:05.576+0000] {dagbag.py:538} INFO - Filling up the DagBag from /opt/airflow/dags/helpers/Helper.py
[2023-03-30T14:52:05.577+0000] {logging_mixin.py:137} INFO - [2023-03-30T14:52:05.577+0000] {dagbag.py:320} INFO - File /opt/airflow/dags/helpers/Helper.py assumed to contain no DAGs. Skipping.
[2023-03-30T14:52:05.577+0000] {processor.py:755} WARNING - No viable dags retrieved from /opt/airflow/dags/helpers/Helper.py
[2023-03-30T14:52:05.588+0000] {processor.py:175} INFO - Processing /opt/airflow/dags/helpers/Helper.py took 0.019 seconds
[2023-03-30T14:52:35.633+0000] {processor.py:153} INFO - Started process (PID=7401) to work on /opt/airflow/dags/helpers/Helper.py
[2023-03-30T14:52:35.634+0000] {processor.py:743} INFO - Processing file /opt/airflow/dags/helpers/Helper.py for tasks to queue
[2023-03-30T14:52:35.634+0000] {logging_mixin.py:137} INFO - [2023-03-30T14:52:35.634+0000] {dagbag.py:538} INFO - Filling up the DagBag from /opt/airflow/dags/helpers/Helper.py
[2023-03-30T14:52:35.634+0000] {logging_mixin.py:137} INFO - [2023-03-30T14:52:35.634+0000] {dagbag.py:320} INFO - File /opt/airflow/dags/helpers/Helper.py assumed to contain no DAGs. Skipping.
[2023-03-30T14:52:35.635+0000] {processor.py:755} WARNING - No viable dags retrieved from /opt/airflow/dags/helpers/Helper.py
[2023-03-30T14:52:35.645+0000] {processor.py:175} INFO - Processing /opt/airflow/dags/helpers/Helper.py took 0.015 seconds
[2023-03-30T14:52:39.662+0000] {processor.py:153} INFO - Started process (PID=7402) to work on /opt/airflow/dags/helpers/Helper.py
[2023-03-30T14:52:39.663+0000] {processor.py:743} INFO - Processing file /opt/airflow/dags/helpers/Helper.py for tasks to queue
[2023-03-30T14:52:39.664+0000] {logging_mixin.py:137} INFO - [2023-03-30T14:52:39.664+0000] {dagbag.py:538} INFO - Filling up the DagBag from /opt/airflow/dags/helpers/Helper.py
[2023-03-30T14:52:39.664+0000] {logging_mixin.py:137} INFO - [2023-03-30T14:52:39.664+0000] {dagbag.py:320} INFO - File /opt/airflow/dags/helpers/Helper.py assumed to contain no DAGs. Skipping.
[2023-03-30T14:52:39.664+0000] {processor.py:755} WARNING - No viable dags retrieved from /opt/airflow/dags/helpers/Helper.py
[2023-03-30T14:52:39.674+0000] {processor.py:175} INFO - Processing /opt/airflow/dags/helpers/Helper.py took 0.015 seconds
[2023-03-30T14:53:09.924+0000] {processor.py:153} INFO - Started process (PID=7507) to work on /opt/airflow/dags/helpers/Helper.py
[2023-03-30T14:53:09.925+0000] {processor.py:743} INFO - Processing file /opt/airflow/dags/helpers/Helper.py for tasks to queue
[2023-03-30T14:53:09.925+0000] {logging_mixin.py:137} INFO - [2023-03-30T14:53:09.925+0000] {dagbag.py:538} INFO - Filling up the DagBag from /opt/airflow/dags/helpers/Helper.py
[2023-03-30T14:53:09.925+0000] {logging_mixin.py:137} INFO - [2023-03-30T14:53:09.925+0000] {dagbag.py:320} INFO - File /opt/airflow/dags/helpers/Helper.py assumed to contain no DAGs. Skipping.
[2023-03-30T14:53:09.925+0000] {processor.py:755} WARNING - No viable dags retrieved from /opt/airflow/dags/helpers/Helper.py
[2023-03-30T14:53:09.937+0000] {processor.py:175} INFO - Processing /opt/airflow/dags/helpers/Helper.py took 0.016 seconds
[2023-03-30T14:58:22.998+0000] {processor.py:153} INFO - Started process (PID=8442) to work on /opt/airflow/dags/helpers/Helper.py
[2023-03-30T14:58:22.999+0000] {processor.py:743} INFO - Processing file /opt/airflow/dags/helpers/Helper.py for tasks to queue
[2023-03-30T14:58:22.999+0000] {logging_mixin.py:137} INFO - [2023-03-30T14:58:22.999+0000] {dagbag.py:538} INFO - Filling up the DagBag from /opt/airflow/dags/helpers/Helper.py
[2023-03-30T14:58:23.048+0000] {processor.py:755} WARNING - No viable dags retrieved from /opt/airflow/dags/helpers/Helper.py
[2023-03-30T14:58:23.061+0000] {processor.py:175} INFO - Processing /opt/airflow/dags/helpers/Helper.py took 0.066 seconds
[2023-03-30T14:58:53.171+0000] {processor.py:153} INFO - Started process (PID=8544) to work on /opt/airflow/dags/helpers/Helper.py
[2023-03-30T14:58:53.172+0000] {processor.py:743} INFO - Processing file /opt/airflow/dags/helpers/Helper.py for tasks to queue
[2023-03-30T14:58:53.173+0000] {logging_mixin.py:137} INFO - [2023-03-30T14:58:53.173+0000] {dagbag.py:538} INFO - Filling up the DagBag from /opt/airflow/dags/helpers/Helper.py
[2023-03-30T14:58:53.224+0000] {processor.py:755} WARNING - No viable dags retrieved from /opt/airflow/dags/helpers/Helper.py
[2023-03-30T14:58:53.234+0000] {processor.py:175} INFO - Processing /opt/airflow/dags/helpers/Helper.py took 0.066 seconds
[2023-03-30T14:59:23.425+0000] {processor.py:153} INFO - Started process (PID=8626) to work on /opt/airflow/dags/helpers/Helper.py
[2023-03-30T14:59:23.425+0000] {processor.py:743} INFO - Processing file /opt/airflow/dags/helpers/Helper.py for tasks to queue
[2023-03-30T14:59:23.426+0000] {logging_mixin.py:137} INFO - [2023-03-30T14:59:23.426+0000] {dagbag.py:538} INFO - Filling up the DagBag from /opt/airflow/dags/helpers/Helper.py
[2023-03-30T14:59:23.469+0000] {processor.py:755} WARNING - No viable dags retrieved from /opt/airflow/dags/helpers/Helper.py
[2023-03-30T14:59:23.479+0000] {processor.py:175} INFO - Processing /opt/airflow/dags/helpers/Helper.py took 0.058 seconds
[2023-03-30T14:59:53.570+0000] {processor.py:153} INFO - Started process (PID=8728) to work on /opt/airflow/dags/helpers/Helper.py
[2023-03-30T14:59:53.571+0000] {processor.py:743} INFO - Processing file /opt/airflow/dags/helpers/Helper.py for tasks to queue
[2023-03-30T14:59:53.571+0000] {logging_mixin.py:137} INFO - [2023-03-30T14:59:53.571+0000] {dagbag.py:538} INFO - Filling up the DagBag from /opt/airflow/dags/helpers/Helper.py
[2023-03-30T14:59:53.615+0000] {processor.py:755} WARNING - No viable dags retrieved from /opt/airflow/dags/helpers/Helper.py
[2023-03-30T14:59:53.624+0000] {processor.py:175} INFO - Processing /opt/airflow/dags/helpers/Helper.py took 0.057 seconds
[2023-03-30T15:00:23.766+0000] {processor.py:153} INFO - Started process (PID=8810) to work on /opt/airflow/dags/helpers/Helper.py
[2023-03-30T15:00:23.767+0000] {processor.py:743} INFO - Processing file /opt/airflow/dags/helpers/Helper.py for tasks to queue
[2023-03-30T15:00:23.767+0000] {logging_mixin.py:137} INFO - [2023-03-30T15:00:23.767+0000] {dagbag.py:538} INFO - Filling up the DagBag from /opt/airflow/dags/helpers/Helper.py
[2023-03-30T15:00:23.804+0000] {processor.py:755} WARNING - No viable dags retrieved from /opt/airflow/dags/helpers/Helper.py
[2023-03-30T15:00:23.815+0000] {processor.py:175} INFO - Processing /opt/airflow/dags/helpers/Helper.py took 0.052 seconds
[2023-03-30T15:00:49.860+0000] {processor.py:153} INFO - Started process (PID=8893) to work on /opt/airflow/dags/helpers/Helper.py
[2023-03-30T15:00:49.860+0000] {processor.py:743} INFO - Processing file /opt/airflow/dags/helpers/Helper.py for tasks to queue
[2023-03-30T15:00:49.861+0000] {logging_mixin.py:137} INFO - [2023-03-30T15:00:49.861+0000] {dagbag.py:538} INFO - Filling up the DagBag from /opt/airflow/dags/helpers/Helper.py
[2023-03-30T15:00:49.899+0000] {processor.py:755} WARNING - No viable dags retrieved from /opt/airflow/dags/helpers/Helper.py
[2023-03-30T15:00:49.908+0000] {processor.py:175} INFO - Processing /opt/airflow/dags/helpers/Helper.py took 0.051 seconds
[2023-03-30T15:01:15.959+0000] {processor.py:153} INFO - Started process (PID=8993) to work on /opt/airflow/dags/helpers/Helper.py
[2023-03-30T15:01:15.960+0000] {processor.py:743} INFO - Processing file /opt/airflow/dags/helpers/Helper.py for tasks to queue
[2023-03-30T15:01:15.961+0000] {logging_mixin.py:137} INFO - [2023-03-30T15:01:15.961+0000] {dagbag.py:538} INFO - Filling up the DagBag from /opt/airflow/dags/helpers/Helper.py
[2023-03-30T15:01:16.017+0000] {processor.py:755} WARNING - No viable dags retrieved from /opt/airflow/dags/helpers/Helper.py
[2023-03-30T15:01:16.032+0000] {processor.py:175} INFO - Processing /opt/airflow/dags/helpers/Helper.py took 0.075 seconds
[2023-03-30T15:01:46.106+0000] {processor.py:153} INFO - Started process (PID=9075) to work on /opt/airflow/dags/helpers/Helper.py
[2023-03-30T15:01:46.106+0000] {processor.py:743} INFO - Processing file /opt/airflow/dags/helpers/Helper.py for tasks to queue
[2023-03-30T15:01:46.107+0000] {logging_mixin.py:137} INFO - [2023-03-30T15:01:46.107+0000] {dagbag.py:538} INFO - Filling up the DagBag from /opt/airflow/dags/helpers/Helper.py
[2023-03-30T15:01:46.145+0000] {processor.py:755} WARNING - No viable dags retrieved from /opt/airflow/dags/helpers/Helper.py
[2023-03-30T15:01:46.156+0000] {processor.py:175} INFO - Processing /opt/airflow/dags/helpers/Helper.py took 0.052 seconds
[2023-03-30T15:02:16.370+0000] {processor.py:153} INFO - Started process (PID=9177) to work on /opt/airflow/dags/helpers/Helper.py
[2023-03-30T15:02:16.372+0000] {processor.py:743} INFO - Processing file /opt/airflow/dags/helpers/Helper.py for tasks to queue
[2023-03-30T15:02:16.372+0000] {logging_mixin.py:137} INFO - [2023-03-30T15:02:16.372+0000] {dagbag.py:538} INFO - Filling up the DagBag from /opt/airflow/dags/helpers/Helper.py
[2023-03-30T15:02:16.424+0000] {processor.py:755} WARNING - No viable dags retrieved from /opt/airflow/dags/helpers/Helper.py
[2023-03-30T15:02:16.435+0000] {processor.py:175} INFO - Processing /opt/airflow/dags/helpers/Helper.py took 0.068 seconds
[2023-03-30T15:02:37.535+0000] {processor.py:153} INFO - Started process (PID=9239) to work on /opt/airflow/dags/helpers/Helper.py
[2023-03-30T15:02:37.536+0000] {processor.py:743} INFO - Processing file /opt/airflow/dags/helpers/Helper.py for tasks to queue
[2023-03-30T15:02:37.536+0000] {logging_mixin.py:137} INFO - [2023-03-30T15:02:37.536+0000] {dagbag.py:538} INFO - Filling up the DagBag from /opt/airflow/dags/helpers/Helper.py
[2023-03-30T15:02:37.584+0000] {processor.py:755} WARNING - No viable dags retrieved from /opt/airflow/dags/helpers/Helper.py
[2023-03-30T15:02:37.595+0000] {processor.py:175} INFO - Processing /opt/airflow/dags/helpers/Helper.py took 0.064 seconds
[2023-03-30T15:03:07.746+0000] {processor.py:153} INFO - Started process (PID=9343) to work on /opt/airflow/dags/helpers/Helper.py
[2023-03-30T15:03:07.746+0000] {processor.py:743} INFO - Processing file /opt/airflow/dags/helpers/Helper.py for tasks to queue
[2023-03-30T15:03:07.747+0000] {logging_mixin.py:137} INFO - [2023-03-30T15:03:07.747+0000] {dagbag.py:538} INFO - Filling up the DagBag from /opt/airflow/dags/helpers/Helper.py
[2023-03-30T15:03:07.786+0000] {processor.py:755} WARNING - No viable dags retrieved from /opt/airflow/dags/helpers/Helper.py
[2023-03-30T15:03:07.797+0000] {processor.py:175} INFO - Processing /opt/airflow/dags/helpers/Helper.py took 0.054 seconds
[2023-03-30T15:03:37.919+0000] {processor.py:153} INFO - Started process (PID=9432) to work on /opt/airflow/dags/helpers/Helper.py
[2023-03-30T15:03:37.920+0000] {processor.py:743} INFO - Processing file /opt/airflow/dags/helpers/Helper.py for tasks to queue
[2023-03-30T15:03:37.920+0000] {logging_mixin.py:137} INFO - [2023-03-30T15:03:37.920+0000] {dagbag.py:538} INFO - Filling up the DagBag from /opt/airflow/dags/helpers/Helper.py
[2023-03-30T15:03:37.970+0000] {processor.py:755} WARNING - No viable dags retrieved from /opt/airflow/dags/helpers/Helper.py
[2023-03-30T15:03:37.981+0000] {processor.py:175} INFO - Processing /opt/airflow/dags/helpers/Helper.py took 0.066 seconds
[2023-03-30T15:04:08.073+0000] {processor.py:153} INFO - Started process (PID=9527) to work on /opt/airflow/dags/helpers/Helper.py
[2023-03-30T15:04:08.074+0000] {processor.py:743} INFO - Processing file /opt/airflow/dags/helpers/Helper.py for tasks to queue
[2023-03-30T15:04:08.074+0000] {logging_mixin.py:137} INFO - [2023-03-30T15:04:08.074+0000] {dagbag.py:538} INFO - Filling up the DagBag from /opt/airflow/dags/helpers/Helper.py
[2023-03-30T15:04:08.124+0000] {processor.py:755} WARNING - No viable dags retrieved from /opt/airflow/dags/helpers/Helper.py
[2023-03-30T15:04:08.137+0000] {processor.py:175} INFO - Processing /opt/airflow/dags/helpers/Helper.py took 0.067 seconds
[2023-03-30T15:04:38.359+0000] {processor.py:153} INFO - Started process (PID=9629) to work on /opt/airflow/dags/helpers/Helper.py
[2023-03-30T15:04:38.372+0000] {processor.py:743} INFO - Processing file /opt/airflow/dags/helpers/Helper.py for tasks to queue
[2023-03-30T15:04:38.373+0000] {logging_mixin.py:137} INFO - [2023-03-30T15:04:38.372+0000] {dagbag.py:538} INFO - Filling up the DagBag from /opt/airflow/dags/helpers/Helper.py
[2023-03-30T15:04:38.450+0000] {processor.py:755} WARNING - No viable dags retrieved from /opt/airflow/dags/helpers/Helper.py
[2023-03-30T15:04:38.459+0000] {processor.py:175} INFO - Processing /opt/airflow/dags/helpers/Helper.py took 0.104 seconds
[2023-03-30T15:05:08.585+0000] {processor.py:153} INFO - Started process (PID=9720) to work on /opt/airflow/dags/helpers/Helper.py
[2023-03-30T15:05:08.586+0000] {processor.py:743} INFO - Processing file /opt/airflow/dags/helpers/Helper.py for tasks to queue
[2023-03-30T15:05:08.586+0000] {logging_mixin.py:137} INFO - [2023-03-30T15:05:08.586+0000] {dagbag.py:538} INFO - Filling up the DagBag from /opt/airflow/dags/helpers/Helper.py
[2023-03-30T15:05:08.622+0000] {processor.py:755} WARNING - No viable dags retrieved from /opt/airflow/dags/helpers/Helper.py
[2023-03-30T15:05:08.631+0000] {processor.py:175} INFO - Processing /opt/airflow/dags/helpers/Helper.py took 0.049 seconds
[2023-03-30T15:05:38.693+0000] {processor.py:153} INFO - Started process (PID=9821) to work on /opt/airflow/dags/helpers/Helper.py
[2023-03-30T15:05:38.693+0000] {processor.py:743} INFO - Processing file /opt/airflow/dags/helpers/Helper.py for tasks to queue
[2023-03-30T15:05:38.694+0000] {logging_mixin.py:137} INFO - [2023-03-30T15:05:38.694+0000] {dagbag.py:538} INFO - Filling up the DagBag from /opt/airflow/dags/helpers/Helper.py
[2023-03-30T15:05:38.739+0000] {processor.py:755} WARNING - No viable dags retrieved from /opt/airflow/dags/helpers/Helper.py
[2023-03-30T15:05:38.752+0000] {processor.py:175} INFO - Processing /opt/airflow/dags/helpers/Helper.py took 0.062 seconds
[2023-03-30T15:06:09.090+0000] {processor.py:153} INFO - Started process (PID=9919) to work on /opt/airflow/dags/helpers/Helper.py
[2023-03-30T15:06:09.092+0000] {processor.py:743} INFO - Processing file /opt/airflow/dags/helpers/Helper.py for tasks to queue
[2023-03-30T15:06:09.092+0000] {logging_mixin.py:137} INFO - [2023-03-30T15:06:09.092+0000] {dagbag.py:538} INFO - Filling up the DagBag from /opt/airflow/dags/helpers/Helper.py
[2023-03-30T15:06:09.132+0000] {processor.py:755} WARNING - No viable dags retrieved from /opt/airflow/dags/helpers/Helper.py
[2023-03-30T15:06:09.141+0000] {processor.py:175} INFO - Processing /opt/airflow/dags/helpers/Helper.py took 0.054 seconds
[2023-03-30T15:06:39.263+0000] {processor.py:153} INFO - Started process (PID=10023) to work on /opt/airflow/dags/helpers/Helper.py
[2023-03-30T15:06:39.264+0000] {processor.py:743} INFO - Processing file /opt/airflow/dags/helpers/Helper.py for tasks to queue
[2023-03-30T15:06:39.264+0000] {logging_mixin.py:137} INFO - [2023-03-30T15:06:39.264+0000] {dagbag.py:538} INFO - Filling up the DagBag from /opt/airflow/dags/helpers/Helper.py
[2023-03-30T15:06:39.302+0000] {processor.py:755} WARNING - No viable dags retrieved from /opt/airflow/dags/helpers/Helper.py
[2023-03-30T15:06:39.313+0000] {processor.py:175} INFO - Processing /opt/airflow/dags/helpers/Helper.py took 0.052 seconds
[2023-03-30T15:07:09.824+0000] {processor.py:153} INFO - Started process (PID=10105) to work on /opt/airflow/dags/helpers/Helper.py
[2023-03-30T15:07:09.825+0000] {processor.py:743} INFO - Processing file /opt/airflow/dags/helpers/Helper.py for tasks to queue
[2023-03-30T15:07:09.826+0000] {logging_mixin.py:137} INFO - [2023-03-30T15:07:09.826+0000] {dagbag.py:538} INFO - Filling up the DagBag from /opt/airflow/dags/helpers/Helper.py
[2023-03-30T15:07:09.861+0000] {processor.py:755} WARNING - No viable dags retrieved from /opt/airflow/dags/helpers/Helper.py
[2023-03-30T15:07:09.870+0000] {processor.py:175} INFO - Processing /opt/airflow/dags/helpers/Helper.py took 0.048 seconds
[2023-03-30T15:07:40.014+0000] {processor.py:153} INFO - Started process (PID=10224) to work on /opt/airflow/dags/helpers/Helper.py
[2023-03-30T15:07:40.014+0000] {processor.py:743} INFO - Processing file /opt/airflow/dags/helpers/Helper.py for tasks to queue
[2023-03-30T15:07:40.015+0000] {logging_mixin.py:137} INFO - [2023-03-30T15:07:40.014+0000] {dagbag.py:538} INFO - Filling up the DagBag from /opt/airflow/dags/helpers/Helper.py
[2023-03-30T15:07:40.051+0000] {processor.py:755} WARNING - No viable dags retrieved from /opt/airflow/dags/helpers/Helper.py
[2023-03-30T15:07:40.061+0000] {processor.py:175} INFO - Processing /opt/airflow/dags/helpers/Helper.py took 0.050 seconds
[2023-03-30T15:08:10.437+0000] {processor.py:153} INFO - Started process (PID=10306) to work on /opt/airflow/dags/helpers/Helper.py
[2023-03-30T15:08:10.437+0000] {processor.py:743} INFO - Processing file /opt/airflow/dags/helpers/Helper.py for tasks to queue
[2023-03-30T15:08:10.438+0000] {logging_mixin.py:137} INFO - [2023-03-30T15:08:10.438+0000] {dagbag.py:538} INFO - Filling up the DagBag from /opt/airflow/dags/helpers/Helper.py
[2023-03-30T15:08:10.478+0000] {processor.py:755} WARNING - No viable dags retrieved from /opt/airflow/dags/helpers/Helper.py
[2023-03-30T15:08:10.487+0000] {processor.py:175} INFO - Processing /opt/airflow/dags/helpers/Helper.py took 0.053 seconds
[2023-03-30T15:08:40.671+0000] {processor.py:153} INFO - Started process (PID=10407) to work on /opt/airflow/dags/helpers/Helper.py
[2023-03-30T15:08:40.672+0000] {processor.py:743} INFO - Processing file /opt/airflow/dags/helpers/Helper.py for tasks to queue
[2023-03-30T15:08:40.672+0000] {logging_mixin.py:137} INFO - [2023-03-30T15:08:40.672+0000] {dagbag.py:538} INFO - Filling up the DagBag from /opt/airflow/dags/helpers/Helper.py
[2023-03-30T15:08:40.716+0000] {processor.py:755} WARNING - No viable dags retrieved from /opt/airflow/dags/helpers/Helper.py
[2023-03-30T15:08:40.727+0000] {processor.py:175} INFO - Processing /opt/airflow/dags/helpers/Helper.py took 0.059 seconds
[2023-03-30T15:09:10.818+0000] {processor.py:153} INFO - Started process (PID=10490) to work on /opt/airflow/dags/helpers/Helper.py
[2023-03-30T15:09:10.819+0000] {processor.py:743} INFO - Processing file /opt/airflow/dags/helpers/Helper.py for tasks to queue
[2023-03-30T15:09:10.819+0000] {logging_mixin.py:137} INFO - [2023-03-30T15:09:10.819+0000] {dagbag.py:538} INFO - Filling up the DagBag from /opt/airflow/dags/helpers/Helper.py
[2023-03-30T15:09:10.859+0000] {processor.py:755} WARNING - No viable dags retrieved from /opt/airflow/dags/helpers/Helper.py
[2023-03-30T15:09:10.869+0000] {processor.py:175} INFO - Processing /opt/airflow/dags/helpers/Helper.py took 0.054 seconds
[2023-03-30T15:09:41.016+0000] {processor.py:153} INFO - Started process (PID=10596) to work on /opt/airflow/dags/helpers/Helper.py
[2023-03-30T15:09:41.016+0000] {processor.py:743} INFO - Processing file /opt/airflow/dags/helpers/Helper.py for tasks to queue
[2023-03-30T15:09:41.017+0000] {logging_mixin.py:137} INFO - [2023-03-30T15:09:41.017+0000] {dagbag.py:538} INFO - Filling up the DagBag from /opt/airflow/dags/helpers/Helper.py
[2023-03-30T15:09:41.057+0000] {processor.py:755} WARNING - No viable dags retrieved from /opt/airflow/dags/helpers/Helper.py
[2023-03-30T15:09:41.067+0000] {processor.py:175} INFO - Processing /opt/airflow/dags/helpers/Helper.py took 0.054 seconds
[2023-03-30T15:09:50.081+0000] {processor.py:153} INFO - Started process (PID=10618) to work on /opt/airflow/dags/helpers/Helper.py
[2023-03-30T15:09:50.082+0000] {processor.py:743} INFO - Processing file /opt/airflow/dags/helpers/Helper.py for tasks to queue
[2023-03-30T15:09:50.083+0000] {logging_mixin.py:137} INFO - [2023-03-30T15:09:50.083+0000] {dagbag.py:538} INFO - Filling up the DagBag from /opt/airflow/dags/helpers/Helper.py
[2023-03-30T15:09:50.125+0000] {processor.py:755} WARNING - No viable dags retrieved from /opt/airflow/dags/helpers/Helper.py
[2023-03-30T15:09:50.135+0000] {processor.py:175} INFO - Processing /opt/airflow/dags/helpers/Helper.py took 0.057 seconds
[2023-03-30T15:09:55.224+0000] {processor.py:153} INFO - Started process (PID=10619) to work on /opt/airflow/dags/helpers/Helper.py
[2023-03-30T15:09:55.225+0000] {processor.py:743} INFO - Processing file /opt/airflow/dags/helpers/Helper.py for tasks to queue
[2023-03-30T15:09:55.226+0000] {logging_mixin.py:137} INFO - [2023-03-30T15:09:55.226+0000] {dagbag.py:538} INFO - Filling up the DagBag from /opt/airflow/dags/helpers/Helper.py
[2023-03-30T15:09:55.268+0000] {processor.py:755} WARNING - No viable dags retrieved from /opt/airflow/dags/helpers/Helper.py
[2023-03-30T15:09:55.278+0000] {processor.py:175} INFO - Processing /opt/airflow/dags/helpers/Helper.py took 0.056 seconds
[2023-03-30T15:10:25.330+0000] {processor.py:153} INFO - Started process (PID=10740) to work on /opt/airflow/dags/helpers/Helper.py
[2023-03-30T15:10:25.331+0000] {processor.py:743} INFO - Processing file /opt/airflow/dags/helpers/Helper.py for tasks to queue
[2023-03-30T15:10:25.332+0000] {logging_mixin.py:137} INFO - [2023-03-30T15:10:25.331+0000] {dagbag.py:538} INFO - Filling up the DagBag from /opt/airflow/dags/helpers/Helper.py
[2023-03-30T15:10:25.367+0000] {processor.py:755} WARNING - No viable dags retrieved from /opt/airflow/dags/helpers/Helper.py
[2023-03-30T15:10:25.378+0000] {processor.py:175} INFO - Processing /opt/airflow/dags/helpers/Helper.py took 0.051 seconds
[2023-03-30T15:10:29.609+0000] {processor.py:153} INFO - Started process (PID=10744) to work on /opt/airflow/dags/helpers/Helper.py
[2023-03-30T15:10:29.610+0000] {processor.py:743} INFO - Processing file /opt/airflow/dags/helpers/Helper.py for tasks to queue
[2023-03-30T15:10:29.611+0000] {logging_mixin.py:137} INFO - [2023-03-30T15:10:29.610+0000] {dagbag.py:538} INFO - Filling up the DagBag from /opt/airflow/dags/helpers/Helper.py
[2023-03-30T15:10:29.663+0000] {processor.py:755} WARNING - No viable dags retrieved from /opt/airflow/dags/helpers/Helper.py
[2023-03-30T15:10:29.675+0000] {processor.py:175} INFO - Processing /opt/airflow/dags/helpers/Helper.py took 0.068 seconds
[2023-03-30T15:10:59.821+0000] {processor.py:153} INFO - Started process (PID=10847) to work on /opt/airflow/dags/helpers/Helper.py
[2023-03-30T15:10:59.822+0000] {processor.py:743} INFO - Processing file /opt/airflow/dags/helpers/Helper.py for tasks to queue
[2023-03-30T15:10:59.822+0000] {logging_mixin.py:137} INFO - [2023-03-30T15:10:59.822+0000] {dagbag.py:538} INFO - Filling up the DagBag from /opt/airflow/dags/helpers/Helper.py
[2023-03-30T15:10:59.873+0000] {processor.py:755} WARNING - No viable dags retrieved from /opt/airflow/dags/helpers/Helper.py
[2023-03-30T15:10:59.883+0000] {processor.py:175} INFO - Processing /opt/airflow/dags/helpers/Helper.py took 0.070 seconds
[2023-03-30T15:11:29.914+0000] {processor.py:153} INFO - Started process (PID=10926) to work on /opt/airflow/dags/helpers/Helper.py
[2023-03-30T15:11:29.915+0000] {processor.py:743} INFO - Processing file /opt/airflow/dags/helpers/Helper.py for tasks to queue
[2023-03-30T15:11:29.916+0000] {logging_mixin.py:137} INFO - [2023-03-30T15:11:29.916+0000] {dagbag.py:538} INFO - Filling up the DagBag from /opt/airflow/dags/helpers/Helper.py
[2023-03-30T15:11:29.953+0000] {processor.py:755} WARNING - No viable dags retrieved from /opt/airflow/dags/helpers/Helper.py
[2023-03-30T15:11:29.963+0000] {processor.py:175} INFO - Processing /opt/airflow/dags/helpers/Helper.py took 0.052 seconds
[2023-03-30T15:11:33.737+0000] {processor.py:153} INFO - Started process (PID=10944) to work on /opt/airflow/dags/helpers/Helper.py
[2023-03-30T15:11:33.737+0000] {processor.py:743} INFO - Processing file /opt/airflow/dags/helpers/Helper.py for tasks to queue
[2023-03-30T15:11:33.738+0000] {logging_mixin.py:137} INFO - [2023-03-30T15:11:33.738+0000] {dagbag.py:538} INFO - Filling up the DagBag from /opt/airflow/dags/helpers/Helper.py
[2023-03-30T15:11:33.778+0000] {processor.py:755} WARNING - No viable dags retrieved from /opt/airflow/dags/helpers/Helper.py
[2023-03-30T15:11:33.789+0000] {processor.py:175} INFO - Processing /opt/airflow/dags/helpers/Helper.py took 0.055 seconds
[2023-03-30T15:12:04.067+0000] {processor.py:153} INFO - Started process (PID=11048) to work on /opt/airflow/dags/helpers/Helper.py
[2023-03-30T15:12:04.068+0000] {processor.py:743} INFO - Processing file /opt/airflow/dags/helpers/Helper.py for tasks to queue
[2023-03-30T15:12:04.069+0000] {logging_mixin.py:137} INFO - [2023-03-30T15:12:04.069+0000] {dagbag.py:538} INFO - Filling up the DagBag from /opt/airflow/dags/helpers/Helper.py
[2023-03-30T15:12:04.122+0000] {processor.py:755} WARNING - No viable dags retrieved from /opt/airflow/dags/helpers/Helper.py
[2023-03-30T15:12:04.132+0000] {processor.py:175} INFO - Processing /opt/airflow/dags/helpers/Helper.py took 0.067 seconds
[2023-03-30T15:12:34.241+0000] {processor.py:153} INFO - Started process (PID=11160) to work on /opt/airflow/dags/helpers/Helper.py
[2023-03-30T15:12:34.242+0000] {processor.py:743} INFO - Processing file /opt/airflow/dags/helpers/Helper.py for tasks to queue
[2023-03-30T15:12:34.243+0000] {logging_mixin.py:137} INFO - [2023-03-30T15:12:34.243+0000] {dagbag.py:538} INFO - Filling up the DagBag from /opt/airflow/dags/helpers/Helper.py
[2023-03-30T15:12:34.297+0000] {processor.py:755} WARNING - No viable dags retrieved from /opt/airflow/dags/helpers/Helper.py
[2023-03-30T15:12:34.307+0000] {processor.py:175} INFO - Processing /opt/airflow/dags/helpers/Helper.py took 0.070 seconds
[2023-03-30T15:13:04.711+0000] {processor.py:153} INFO - Started process (PID=11296) to work on /opt/airflow/dags/helpers/Helper.py
[2023-03-30T15:13:04.712+0000] {processor.py:743} INFO - Processing file /opt/airflow/dags/helpers/Helper.py for tasks to queue
[2023-03-30T15:13:04.713+0000] {logging_mixin.py:137} INFO - [2023-03-30T15:13:04.713+0000] {dagbag.py:538} INFO - Filling up the DagBag from /opt/airflow/dags/helpers/Helper.py
[2023-03-30T15:13:04.754+0000] {processor.py:755} WARNING - No viable dags retrieved from /opt/airflow/dags/helpers/Helper.py
[2023-03-30T15:13:04.763+0000] {processor.py:175} INFO - Processing /opt/airflow/dags/helpers/Helper.py took 0.055 seconds
[2023-03-30T15:13:35.465+0000] {processor.py:153} INFO - Started process (PID=11418) to work on /opt/airflow/dags/helpers/Helper.py
[2023-03-30T15:13:35.466+0000] {processor.py:743} INFO - Processing file /opt/airflow/dags/helpers/Helper.py for tasks to queue
[2023-03-30T15:13:35.466+0000] {logging_mixin.py:137} INFO - [2023-03-30T15:13:35.466+0000] {dagbag.py:538} INFO - Filling up the DagBag from /opt/airflow/dags/helpers/Helper.py
[2023-03-30T15:13:35.512+0000] {processor.py:755} WARNING - No viable dags retrieved from /opt/airflow/dags/helpers/Helper.py
[2023-03-30T15:13:35.522+0000] {processor.py:175} INFO - Processing /opt/airflow/dags/helpers/Helper.py took 0.059 seconds
[2023-03-30T15:14:05.620+0000] {processor.py:153} INFO - Started process (PID=11499) to work on /opt/airflow/dags/helpers/Helper.py
[2023-03-30T15:14:05.621+0000] {processor.py:743} INFO - Processing file /opt/airflow/dags/helpers/Helper.py for tasks to queue
[2023-03-30T15:14:05.621+0000] {logging_mixin.py:137} INFO - [2023-03-30T15:14:05.621+0000] {dagbag.py:538} INFO - Filling up the DagBag from /opt/airflow/dags/helpers/Helper.py
[2023-03-30T15:14:05.659+0000] {processor.py:755} WARNING - No viable dags retrieved from /opt/airflow/dags/helpers/Helper.py
[2023-03-30T15:14:05.668+0000] {processor.py:175} INFO - Processing /opt/airflow/dags/helpers/Helper.py took 0.051 seconds
[2023-03-30T15:14:35.845+0000] {processor.py:153} INFO - Started process (PID=11604) to work on /opt/airflow/dags/helpers/Helper.py
[2023-03-30T15:14:35.846+0000] {processor.py:743} INFO - Processing file /opt/airflow/dags/helpers/Helper.py for tasks to queue
[2023-03-30T15:14:35.847+0000] {logging_mixin.py:137} INFO - [2023-03-30T15:14:35.847+0000] {dagbag.py:538} INFO - Filling up the DagBag from /opt/airflow/dags/helpers/Helper.py
[2023-03-30T15:14:35.885+0000] {processor.py:755} WARNING - No viable dags retrieved from /opt/airflow/dags/helpers/Helper.py
[2023-03-30T15:14:35.895+0000] {processor.py:175} INFO - Processing /opt/airflow/dags/helpers/Helper.py took 0.052 seconds
[2023-03-30T15:15:06.056+0000] {processor.py:153} INFO - Started process (PID=11701) to work on /opt/airflow/dags/helpers/Helper.py
[2023-03-30T15:15:06.056+0000] {processor.py:743} INFO - Processing file /opt/airflow/dags/helpers/Helper.py for tasks to queue
[2023-03-30T15:15:06.057+0000] {logging_mixin.py:137} INFO - [2023-03-30T15:15:06.057+0000] {dagbag.py:538} INFO - Filling up the DagBag from /opt/airflow/dags/helpers/Helper.py
[2023-03-30T15:15:06.096+0000] {processor.py:755} WARNING - No viable dags retrieved from /opt/airflow/dags/helpers/Helper.py
[2023-03-30T15:15:06.106+0000] {processor.py:175} INFO - Processing /opt/airflow/dags/helpers/Helper.py took 0.053 seconds
[2023-03-30T15:15:36.279+0000] {processor.py:153} INFO - Started process (PID=11801) to work on /opt/airflow/dags/helpers/Helper.py
[2023-03-30T15:15:36.280+0000] {processor.py:743} INFO - Processing file /opt/airflow/dags/helpers/Helper.py for tasks to queue
[2023-03-30T15:15:36.280+0000] {logging_mixin.py:137} INFO - [2023-03-30T15:15:36.280+0000] {dagbag.py:538} INFO - Filling up the DagBag from /opt/airflow/dags/helpers/Helper.py
[2023-03-30T15:15:36.319+0000] {processor.py:755} WARNING - No viable dags retrieved from /opt/airflow/dags/helpers/Helper.py
[2023-03-30T15:15:36.328+0000] {processor.py:175} INFO - Processing /opt/airflow/dags/helpers/Helper.py took 0.051 seconds
[2023-03-30T15:16:06.476+0000] {processor.py:153} INFO - Started process (PID=11882) to work on /opt/airflow/dags/helpers/Helper.py
[2023-03-30T15:16:06.476+0000] {processor.py:743} INFO - Processing file /opt/airflow/dags/helpers/Helper.py for tasks to queue
[2023-03-30T15:16:06.477+0000] {logging_mixin.py:137} INFO - [2023-03-30T15:16:06.477+0000] {dagbag.py:538} INFO - Filling up the DagBag from /opt/airflow/dags/helpers/Helper.py
[2023-03-30T15:16:06.515+0000] {processor.py:755} WARNING - No viable dags retrieved from /opt/airflow/dags/helpers/Helper.py
[2023-03-30T15:16:06.524+0000] {processor.py:175} INFO - Processing /opt/airflow/dags/helpers/Helper.py took 0.050 seconds
[2023-03-30T15:16:36.573+0000] {processor.py:153} INFO - Started process (PID=11984) to work on /opt/airflow/dags/helpers/Helper.py
[2023-03-30T15:16:36.574+0000] {processor.py:743} INFO - Processing file /opt/airflow/dags/helpers/Helper.py for tasks to queue
[2023-03-30T15:16:36.574+0000] {logging_mixin.py:137} INFO - [2023-03-30T15:16:36.574+0000] {dagbag.py:538} INFO - Filling up the DagBag from /opt/airflow/dags/helpers/Helper.py
[2023-03-30T15:16:36.616+0000] {processor.py:755} WARNING - No viable dags retrieved from /opt/airflow/dags/helpers/Helper.py
[2023-03-30T15:16:36.628+0000] {processor.py:175} INFO - Processing /opt/airflow/dags/helpers/Helper.py took 0.058 seconds
[2023-03-30T15:17:06.743+0000] {processor.py:153} INFO - Started process (PID=12065) to work on /opt/airflow/dags/helpers/Helper.py
[2023-03-30T15:17:06.744+0000] {processor.py:743} INFO - Processing file /opt/airflow/dags/helpers/Helper.py for tasks to queue
[2023-03-30T15:17:06.744+0000] {logging_mixin.py:137} INFO - [2023-03-30T15:17:06.744+0000] {dagbag.py:538} INFO - Filling up the DagBag from /opt/airflow/dags/helpers/Helper.py
[2023-03-30T15:17:06.785+0000] {processor.py:755} WARNING - No viable dags retrieved from /opt/airflow/dags/helpers/Helper.py
[2023-03-30T15:17:06.794+0000] {processor.py:175} INFO - Processing /opt/airflow/dags/helpers/Helper.py took 0.054 seconds
[2023-03-30T15:17:14.895+0000] {processor.py:153} INFO - Started process (PID=12109) to work on /opt/airflow/dags/helpers/Helper.py
[2023-03-30T15:17:14.896+0000] {processor.py:743} INFO - Processing file /opt/airflow/dags/helpers/Helper.py for tasks to queue
[2023-03-30T15:17:14.897+0000] {logging_mixin.py:137} INFO - [2023-03-30T15:17:14.897+0000] {dagbag.py:538} INFO - Filling up the DagBag from /opt/airflow/dags/helpers/Helper.py
[2023-03-30T15:17:14.935+0000] {processor.py:755} WARNING - No viable dags retrieved from /opt/airflow/dags/helpers/Helper.py
[2023-03-30T15:17:14.944+0000] {processor.py:175} INFO - Processing /opt/airflow/dags/helpers/Helper.py took 0.051 seconds
[2023-03-30T15:17:45.160+0000] {processor.py:153} INFO - Started process (PID=12226) to work on /opt/airflow/dags/helpers/Helper.py
[2023-03-30T15:17:45.161+0000] {processor.py:743} INFO - Processing file /opt/airflow/dags/helpers/Helper.py for tasks to queue
[2023-03-30T15:17:45.162+0000] {logging_mixin.py:137} INFO - [2023-03-30T15:17:45.161+0000] {dagbag.py:538} INFO - Filling up the DagBag from /opt/airflow/dags/helpers/Helper.py
[2023-03-30T15:17:45.218+0000] {processor.py:755} WARNING - No viable dags retrieved from /opt/airflow/dags/helpers/Helper.py
[2023-03-30T15:17:45.232+0000] {processor.py:175} INFO - Processing /opt/airflow/dags/helpers/Helper.py took 0.075 seconds
[2023-03-30T15:18:15.375+0000] {processor.py:153} INFO - Started process (PID=12307) to work on /opt/airflow/dags/helpers/Helper.py
[2023-03-30T15:18:15.376+0000] {processor.py:743} INFO - Processing file /opt/airflow/dags/helpers/Helper.py for tasks to queue
[2023-03-30T15:18:15.376+0000] {logging_mixin.py:137} INFO - [2023-03-30T15:18:15.376+0000] {dagbag.py:538} INFO - Filling up the DagBag from /opt/airflow/dags/helpers/Helper.py
[2023-03-30T15:18:15.415+0000] {processor.py:755} WARNING - No viable dags retrieved from /opt/airflow/dags/helpers/Helper.py
[2023-03-30T15:18:15.424+0000] {processor.py:175} INFO - Processing /opt/airflow/dags/helpers/Helper.py took 0.051 seconds
[2023-03-30T15:18:17.446+0000] {processor.py:153} INFO - Started process (PID=12308) to work on /opt/airflow/dags/helpers/Helper.py
[2023-03-30T15:18:17.446+0000] {processor.py:743} INFO - Processing file /opt/airflow/dags/helpers/Helper.py for tasks to queue
[2023-03-30T15:18:17.447+0000] {logging_mixin.py:137} INFO - [2023-03-30T15:18:17.447+0000] {dagbag.py:538} INFO - Filling up the DagBag from /opt/airflow/dags/helpers/Helper.py
[2023-03-30T15:18:17.486+0000] {logging_mixin.py:137} INFO - GOOGLE_APPLICATION_CREDENTIALS: /projects/airflow_finding_the_fastest_way_around_NYC/airflow/dags/credentials.json
[2023-03-30T15:18:17.487+0000] {processor.py:755} WARNING - No viable dags retrieved from /opt/airflow/dags/helpers/Helper.py
[2023-03-30T15:18:17.497+0000] {processor.py:175} INFO - Processing /opt/airflow/dags/helpers/Helper.py took 0.055 seconds
[2023-03-30T15:18:35.442+0000] {processor.py:153} INFO - Started process (PID=12356) to work on /opt/airflow/dags/helpers/Helper.py
[2023-03-30T15:18:35.442+0000] {processor.py:743} INFO - Processing file /opt/airflow/dags/helpers/Helper.py for tasks to queue
[2023-03-30T15:18:35.443+0000] {logging_mixin.py:137} INFO - [2023-03-30T15:18:35.443+0000] {dagbag.py:538} INFO - Filling up the DagBag from /opt/airflow/dags/helpers/Helper.py
[2023-03-30T15:18:35.487+0000] {logging_mixin.py:137} INFO - GOOGLE_APPLICATION_CREDENTIALS: /projects/airflow_finding_the_fastest_way_around_NYC/airflow/dags/credentials.json
[2023-03-30T15:18:35.487+0000] {processor.py:755} WARNING - No viable dags retrieved from /opt/airflow/dags/helpers/Helper.py
[2023-03-30T15:18:35.496+0000] {processor.py:175} INFO - Processing /opt/airflow/dags/helpers/Helper.py took 0.057 seconds
[2023-03-30T15:19:05.595+0000] {processor.py:153} INFO - Started process (PID=12452) to work on /opt/airflow/dags/helpers/Helper.py
[2023-03-30T15:19:05.597+0000] {processor.py:743} INFO - Processing file /opt/airflow/dags/helpers/Helper.py for tasks to queue
[2023-03-30T15:19:05.597+0000] {logging_mixin.py:137} INFO - [2023-03-30T15:19:05.597+0000] {dagbag.py:538} INFO - Filling up the DagBag from /opt/airflow/dags/helpers/Helper.py
[2023-03-30T15:19:05.635+0000] {logging_mixin.py:137} INFO - GOOGLE_APPLICATION_CREDENTIALS: /projects/airflow_finding_the_fastest_way_around_NYC/airflow/dags/credentials.json
[2023-03-30T15:19:05.635+0000] {processor.py:755} WARNING - No viable dags retrieved from /opt/airflow/dags/helpers/Helper.py
[2023-03-30T15:19:05.648+0000] {processor.py:175} INFO - Processing /opt/airflow/dags/helpers/Helper.py took 0.055 seconds
[2023-03-30T15:19:16.682+0000] {processor.py:153} INFO - Started process (PID=12509) to work on /opt/airflow/dags/helpers/Helper.py
[2023-03-30T15:19:16.682+0000] {processor.py:743} INFO - Processing file /opt/airflow/dags/helpers/Helper.py for tasks to queue
[2023-03-30T15:19:16.683+0000] {logging_mixin.py:137} INFO - [2023-03-30T15:19:16.682+0000] {dagbag.py:538} INFO - Filling up the DagBag from /opt/airflow/dags/helpers/Helper.py
[2023-03-30T15:19:16.721+0000] {logging_mixin.py:137} INFO - GOOGLE_APPLICATION_CREDENTIALS: /projects/airflow_finding_the_fastest_way_around_NYC/airflow/dags/credentials.json
[2023-03-30T15:19:16.721+0000] {processor.py:755} WARNING - No viable dags retrieved from /opt/airflow/dags/helpers/Helper.py
[2023-03-30T15:19:16.733+0000] {processor.py:175} INFO - Processing /opt/airflow/dags/helpers/Helper.py took 0.053 seconds
[2023-03-30T15:19:46.912+0000] {processor.py:153} INFO - Started process (PID=12625) to work on /opt/airflow/dags/helpers/Helper.py
[2023-03-30T15:19:46.913+0000] {processor.py:743} INFO - Processing file /opt/airflow/dags/helpers/Helper.py for tasks to queue
[2023-03-30T15:19:46.913+0000] {logging_mixin.py:137} INFO - [2023-03-30T15:19:46.913+0000] {dagbag.py:538} INFO - Filling up the DagBag from /opt/airflow/dags/helpers/Helper.py
[2023-03-30T15:19:46.949+0000] {logging_mixin.py:137} INFO - GOOGLE_APPLICATION_CREDENTIALS: /projects/airflow_finding_the_fastest_way_around_NYC/airflow/dags/credentials.json
[2023-03-30T15:19:46.949+0000] {processor.py:755} WARNING - No viable dags retrieved from /opt/airflow/dags/helpers/Helper.py
[2023-03-30T15:19:46.958+0000] {processor.py:175} INFO - Processing /opt/airflow/dags/helpers/Helper.py took 0.049 seconds
[2023-03-30T15:20:17.261+0000] {processor.py:153} INFO - Started process (PID=12708) to work on /opt/airflow/dags/helpers/Helper.py
[2023-03-30T15:20:17.262+0000] {processor.py:743} INFO - Processing file /opt/airflow/dags/helpers/Helper.py for tasks to queue
[2023-03-30T15:20:17.262+0000] {logging_mixin.py:137} INFO - [2023-03-30T15:20:17.262+0000] {dagbag.py:538} INFO - Filling up the DagBag from /opt/airflow/dags/helpers/Helper.py
[2023-03-30T15:20:17.306+0000] {logging_mixin.py:137} INFO - GOOGLE_APPLICATION_CREDENTIALS: /projects/airflow_finding_the_fastest_way_around_NYC/airflow/dags/credentials.json
[2023-03-30T15:20:17.306+0000] {processor.py:755} WARNING - No viable dags retrieved from /opt/airflow/dags/helpers/Helper.py
[2023-03-30T15:20:17.339+0000] {processor.py:175} INFO - Processing /opt/airflow/dags/helpers/Helper.py took 0.080 seconds
[2023-03-30T15:20:47.476+0000] {processor.py:153} INFO - Started process (PID=12811) to work on /opt/airflow/dags/helpers/Helper.py
[2023-03-30T15:20:47.477+0000] {processor.py:743} INFO - Processing file /opt/airflow/dags/helpers/Helper.py for tasks to queue
[2023-03-30T15:20:47.478+0000] {logging_mixin.py:137} INFO - [2023-03-30T15:20:47.478+0000] {dagbag.py:538} INFO - Filling up the DagBag from /opt/airflow/dags/helpers/Helper.py
[2023-03-30T15:20:47.516+0000] {logging_mixin.py:137} INFO - GOOGLE_APPLICATION_CREDENTIALS: /projects/airflow_finding_the_fastest_way_around_NYC/airflow/dags/credentials.json
[2023-03-30T15:20:47.517+0000] {processor.py:755} WARNING - No viable dags retrieved from /opt/airflow/dags/helpers/Helper.py
[2023-03-30T15:20:47.527+0000] {processor.py:175} INFO - Processing /opt/airflow/dags/helpers/Helper.py took 0.053 seconds
[2023-03-30T15:20:49.497+0000] {processor.py:153} INFO - Started process (PID=12812) to work on /opt/airflow/dags/helpers/Helper.py
[2023-03-30T15:20:49.498+0000] {processor.py:743} INFO - Processing file /opt/airflow/dags/helpers/Helper.py for tasks to queue
[2023-03-30T15:20:49.498+0000] {logging_mixin.py:137} INFO - [2023-03-30T15:20:49.498+0000] {dagbag.py:538} INFO - Filling up the DagBag from /opt/airflow/dags/helpers/Helper.py
[2023-03-30T15:20:49.538+0000] {processor.py:755} WARNING - No viable dags retrieved from /opt/airflow/dags/helpers/Helper.py
[2023-03-30T15:20:49.550+0000] {processor.py:175} INFO - Processing /opt/airflow/dags/helpers/Helper.py took 0.055 seconds
[2023-03-30T15:21:19.821+0000] {processor.py:153} INFO - Started process (PID=12929) to work on /opt/airflow/dags/helpers/Helper.py
[2023-03-30T15:21:19.822+0000] {processor.py:743} INFO - Processing file /opt/airflow/dags/helpers/Helper.py for tasks to queue
[2023-03-30T15:21:19.822+0000] {logging_mixin.py:137} INFO - [2023-03-30T15:21:19.822+0000] {dagbag.py:538} INFO - Filling up the DagBag from /opt/airflow/dags/helpers/Helper.py
[2023-03-30T15:21:19.858+0000] {processor.py:755} WARNING - No viable dags retrieved from /opt/airflow/dags/helpers/Helper.py
[2023-03-30T15:21:19.866+0000] {processor.py:175} INFO - Processing /opt/airflow/dags/helpers/Helper.py took 0.048 seconds
[2023-03-30T15:21:49.209+0000] {processor.py:153} INFO - Started process (PID=13010) to work on /opt/airflow/dags/helpers/Helper.py
[2023-03-30T15:21:49.210+0000] {processor.py:743} INFO - Processing file /opt/airflow/dags/helpers/Helper.py for tasks to queue
[2023-03-30T15:21:49.210+0000] {logging_mixin.py:137} INFO - [2023-03-30T15:21:49.210+0000] {dagbag.py:538} INFO - Filling up the DagBag from /opt/airflow/dags/helpers/Helper.py
[2023-03-30T15:21:49.250+0000] {processor.py:755} WARNING - No viable dags retrieved from /opt/airflow/dags/helpers/Helper.py
[2023-03-30T15:21:49.260+0000] {processor.py:175} INFO - Processing /opt/airflow/dags/helpers/Helper.py took 0.053 seconds
