[2023-04-03T17:10:28.421+0000] {taskinstance.py:1087} INFO - Dependencies all met for <TaskInstance: citi_bikes_nyc.load_data_to_bigquery manual__2023-04-03T17:09:38.727578+00:00 [queued]>
[2023-04-03T17:10:28.429+0000] {taskinstance.py:1087} INFO - Dependencies all met for <TaskInstance: citi_bikes_nyc.load_data_to_bigquery manual__2023-04-03T17:09:38.727578+00:00 [queued]>
[2023-04-03T17:10:28.429+0000] {taskinstance.py:1283} INFO - 
--------------------------------------------------------------------------------
[2023-04-03T17:10:28.429+0000] {taskinstance.py:1284} INFO - Starting attempt 1 of 1
[2023-04-03T17:10:28.429+0000] {taskinstance.py:1285} INFO - 
--------------------------------------------------------------------------------
[2023-04-03T17:10:28.439+0000] {taskinstance.py:1304} INFO - Executing <Task(_PythonDecoratedOperator): load_data_to_bigquery> on 2023-04-03 17:09:38.727578+00:00
[2023-04-03T17:10:28.446+0000] {standard_task_runner.py:55} INFO - Started process 3979 to run task
[2023-04-03T17:10:28.449+0000] {standard_task_runner.py:82} INFO - Running: ['***', 'tasks', 'run', 'citi_bikes_nyc', 'load_data_to_bigquery', 'manual__2023-04-03T17:09:38.727578+00:00', '--job-id', '327', '--raw', '--subdir', 'DAGS_FOLDER/citi_bikes_nyc.py', '--cfg-path', '/tmp/tmpwdq84cea']
[2023-04-03T17:10:28.450+0000] {standard_task_runner.py:83} INFO - Job 327: Subtask load_data_to_bigquery
[2023-04-03T17:10:28.500+0000] {task_command.py:389} INFO - Running <TaskInstance: citi_bikes_nyc.load_data_to_bigquery manual__2023-04-03T17:09:38.727578+00:00 [running]> on host 3367fdfa05b8
[2023-04-03T17:10:28.546+0000] {taskinstance.py:1513} INFO - Exporting the following env vars:
AIRFLOW_CTX_DAG_OWNER=***
AIRFLOW_CTX_DAG_ID=citi_bikes_nyc
AIRFLOW_CTX_TASK_ID=load_data_to_bigquery
AIRFLOW_CTX_EXECUTION_DATE=2023-04-03T17:09:38.727578+00:00
AIRFLOW_CTX_TRY_NUMBER=1
AIRFLOW_CTX_DAG_RUN_ID=manual__2023-04-03T17:09:38.727578+00:00
[2023-04-03T17:11:43.192+0000] {logging_mixin.py:137} INFO - Loaded 1052418 rows into amplified-bee-376217.citi_bikes_nyc.bikes_data.
[2023-04-03T17:11:43.462+0000] {logging_mixin.py:137} INFO - Loaded 5443386 rows.
[2023-04-03T17:11:43.463+0000] {python.py:177} INFO - Done. Returned value was: None
[2023-04-03T17:11:43.472+0000] {taskinstance.py:1327} INFO - Marking task as SUCCESS. dag_id=citi_bikes_nyc, task_id=load_data_to_bigquery, execution_date=20230403T170938, start_date=20230403T171028, end_date=20230403T171143
[2023-04-03T17:11:43.527+0000] {local_task_job.py:159} INFO - Task exited with return code 0
[2023-04-03T17:11:43.544+0000] {taskinstance.py:2582} INFO - 0 downstream tasks scheduled from follow-on schedule check
