[2023-03-31T19:24:34.483+0000] {taskinstance.py:1087} INFO - Dependencies all met for <TaskInstance: citi_bikes_nyc.load_data_to_bigquery scheduled__2023-03-30T17:11:29.642271+00:00 [queued]>
[2023-03-31T19:24:34.494+0000] {taskinstance.py:1087} INFO - Dependencies all met for <TaskInstance: citi_bikes_nyc.load_data_to_bigquery scheduled__2023-03-30T17:11:29.642271+00:00 [queued]>
[2023-03-31T19:24:34.494+0000] {taskinstance.py:1283} INFO - 
--------------------------------------------------------------------------------
[2023-03-31T19:24:34.494+0000] {taskinstance.py:1284} INFO - Starting attempt 1 of 1
[2023-03-31T19:24:34.494+0000] {taskinstance.py:1285} INFO - 
--------------------------------------------------------------------------------
[2023-03-31T19:24:34.510+0000] {taskinstance.py:1304} INFO - Executing <Task(_PythonDecoratedOperator): load_data_to_bigquery> on 2023-03-30 17:11:29.642271+00:00
[2023-03-31T19:24:34.519+0000] {standard_task_runner.py:55} INFO - Started process 7856 to run task
[2023-03-31T19:24:34.534+0000] {standard_task_runner.py:82} INFO - Running: ['***', 'tasks', 'run', 'citi_bikes_nyc', 'load_data_to_bigquery', 'scheduled__2023-03-30T17:11:29.642271+00:00', '--job-id', '313', '--raw', '--subdir', 'DAGS_FOLDER/citi_bikes_nyc.py', '--cfg-path', '/tmp/tmp__i3bbvk']
[2023-03-31T19:24:34.542+0000] {standard_task_runner.py:83} INFO - Job 313: Subtask load_data_to_bigquery
[2023-03-31T19:24:34.650+0000] {task_command.py:389} INFO - Running <TaskInstance: citi_bikes_nyc.load_data_to_bigquery scheduled__2023-03-30T17:11:29.642271+00:00 [running]> on host 3367fdfa05b8
[2023-03-31T19:24:34.710+0000] {taskinstance.py:1513} INFO - Exporting the following env vars:
AIRFLOW_CTX_DAG_OWNER=***
AIRFLOW_CTX_DAG_ID=citi_bikes_nyc
AIRFLOW_CTX_TASK_ID=load_data_to_bigquery
AIRFLOW_CTX_EXECUTION_DATE=2023-03-30T17:11:29.642271+00:00
AIRFLOW_CTX_TRY_NUMBER=1
AIRFLOW_CTX_DAG_RUN_ID=scheduled__2023-03-30T17:11:29.642271+00:00
[2023-03-31T19:25:50.664+0000] {logging_mixin.py:137} INFO - Loaded 1052418 rows into amplified-bee-376217.citi_bikes_nyc.bikes_data.
[2023-03-31T19:25:51.017+0000] {logging_mixin.py:137} INFO - Loaded 2104836 rows.
[2023-03-31T19:25:51.018+0000] {python.py:177} INFO - Done. Returned value was: None
[2023-03-31T19:25:51.027+0000] {taskinstance.py:1327} INFO - Marking task as SUCCESS. dag_id=citi_bikes_nyc, task_id=load_data_to_bigquery, execution_date=20230330T171129, start_date=20230331T192434, end_date=20230331T192551
[2023-03-31T19:25:51.918+0000] {local_task_job.py:159} INFO - Task exited with return code 0
[2023-03-31T19:25:51.932+0000] {taskinstance.py:2582} INFO - 0 downstream tasks scheduled from follow-on schedule check
