[2023-04-03T16:34:14.324+0000] {taskinstance.py:1087} INFO - Dependencies all met for <TaskInstance: citi_bikes_nyc.load_data_to_google_bucket scheduled__2023-04-02T16:33:28.236193+00:00 [queued]>
[2023-04-03T16:34:14.334+0000] {taskinstance.py:1087} INFO - Dependencies all met for <TaskInstance: citi_bikes_nyc.load_data_to_google_bucket scheduled__2023-04-02T16:33:28.236193+00:00 [queued]>
[2023-04-03T16:34:14.335+0000] {taskinstance.py:1283} INFO - 
--------------------------------------------------------------------------------
[2023-04-03T16:34:14.335+0000] {taskinstance.py:1284} INFO - Starting attempt 1 of 1
[2023-04-03T16:34:14.335+0000] {taskinstance.py:1285} INFO - 
--------------------------------------------------------------------------------
[2023-04-03T16:34:14.346+0000] {taskinstance.py:1304} INFO - Executing <Task(_PythonDecoratedOperator): load_data_to_google_bucket> on 2023-04-02 16:33:28.236193+00:00
[2023-04-03T16:34:14.353+0000] {standard_task_runner.py:55} INFO - Started process 107 to run task
[2023-04-03T16:34:14.400+0000] {standard_task_runner.py:82} INFO - Running: ['***', 'tasks', 'run', 'citi_bikes_nyc', 'load_data_to_google_bucket', 'scheduled__2023-04-02T16:33:28.236193+00:00', '--job-id', '317', '--raw', '--subdir', 'DAGS_FOLDER/citi_bikes_nyc.py', '--cfg-path', '/tmp/tmphckeus39']
[2023-04-03T16:34:14.422+0000] {standard_task_runner.py:83} INFO - Job 317: Subtask load_data_to_google_bucket
[2023-04-03T16:34:14.592+0000] {task_command.py:389} INFO - Running <TaskInstance: citi_bikes_nyc.load_data_to_google_bucket scheduled__2023-04-02T16:33:28.236193+00:00 [running]> on host 3367fdfa05b8
[2023-04-03T16:34:14.649+0000] {taskinstance.py:1513} INFO - Exporting the following env vars:
AIRFLOW_CTX_DAG_OWNER=***
AIRFLOW_CTX_DAG_ID=citi_bikes_nyc
AIRFLOW_CTX_TASK_ID=load_data_to_google_bucket
AIRFLOW_CTX_EXECUTION_DATE=2023-04-02T16:33:28.236193+00:00
AIRFLOW_CTX_TRY_NUMBER=1
AIRFLOW_CTX_DAG_RUN_ID=scheduled__2023-04-02T16:33:28.236193+00:00
[2023-04-03T16:34:15.257+0000] {logging_mixin.py:137} INFO - Bucket name:  citi_bikes_***_project
[2023-04-03T16:34:15.257+0000] {logging_mixin.py:137} INFO - GOOGLE_APPLICATION_CREDENTIALS: /opt/***/dags/credentials.json
[2023-04-03T16:34:22.715+0000] {logging_mixin.py:137} INFO - 202201-citibike-tripdata.csv.zip uploaded to Google Bucket
[2023-04-03T16:34:22.716+0000] {python.py:177} INFO - Done. Returned value was: None
[2023-04-03T16:34:22.724+0000] {taskinstance.py:1327} INFO - Marking task as SUCCESS. dag_id=citi_bikes_nyc, task_id=load_data_to_google_bucket, execution_date=20230402T163328, start_date=20230403T163414, end_date=20230403T163422
[2023-04-03T16:34:22.752+0000] {local_task_job.py:159} INFO - Task exited with return code 0
[2023-04-03T16:34:22.774+0000] {taskinstance.py:2582} INFO - 1 downstream tasks scheduled from follow-on schedule check
