[2023-03-30T15:13:50.276+0000] {taskinstance.py:1087} INFO - Dependencies all met for <TaskInstance: citi_bikes_nyc.load_data_to_google_bucket scheduled__2023-03-29T15:13:13.588044+00:00 [queued]>
[2023-03-30T15:13:50.282+0000] {taskinstance.py:1087} INFO - Dependencies all met for <TaskInstance: citi_bikes_nyc.load_data_to_google_bucket scheduled__2023-03-29T15:13:13.588044+00:00 [queued]>
[2023-03-30T15:13:50.282+0000] {taskinstance.py:1283} INFO - 
--------------------------------------------------------------------------------
[2023-03-30T15:13:50.282+0000] {taskinstance.py:1284} INFO - Starting attempt 1 of 2
[2023-03-30T15:13:50.282+0000] {taskinstance.py:1285} INFO - 
--------------------------------------------------------------------------------
[2023-03-30T15:13:50.293+0000] {taskinstance.py:1304} INFO - Executing <Task(_PythonDecoratedOperator): load_data_to_google_bucket> on 2023-03-29 15:13:13.588044+00:00
[2023-03-30T15:13:50.299+0000] {standard_task_runner.py:55} INFO - Started process 6524 to run task
[2023-03-30T15:13:50.301+0000] {standard_task_runner.py:82} INFO - Running: ['***', 'tasks', 'run', 'citi_bikes_nyc', 'load_data_to_google_bucket', 'scheduled__2023-03-29T15:13:13.588044+00:00', '--job-id', '252', '--raw', '--subdir', 'DAGS_FOLDER/citi_bikes_nyc.py', '--cfg-path', '/tmp/tmptiz35by8']
[2023-03-30T15:13:50.303+0000] {standard_task_runner.py:83} INFO - Job 252: Subtask load_data_to_google_bucket
[2023-03-30T15:13:50.352+0000] {task_command.py:389} INFO - Running <TaskInstance: citi_bikes_nyc.load_data_to_google_bucket scheduled__2023-03-29T15:13:13.588044+00:00 [running]> on host ea14cce7ead9
[2023-03-30T15:13:50.404+0000] {taskinstance.py:1513} INFO - Exporting the following env vars:
AIRFLOW_CTX_DAG_OWNER=***
AIRFLOW_CTX_DAG_ID=citi_bikes_nyc
AIRFLOW_CTX_TASK_ID=load_data_to_google_bucket
AIRFLOW_CTX_EXECUTION_DATE=2023-03-29T15:13:13.588044+00:00
AIRFLOW_CTX_TRY_NUMBER=1
AIRFLOW_CTX_DAG_RUN_ID=scheduled__2023-03-29T15:13:13.588044+00:00
[2023-03-30T15:13:50.405+0000] {python.py:177} INFO - Done. Returned value was: None
[2023-03-30T15:13:50.411+0000] {taskinstance.py:1327} INFO - Marking task as SUCCESS. dag_id=citi_bikes_nyc, task_id=load_data_to_google_bucket, execution_date=20230329T151313, start_date=20230330T151350, end_date=20230330T151350
[2023-03-30T15:13:50.432+0000] {local_task_job.py:159} INFO - Task exited with return code 0
[2023-03-30T15:13:50.444+0000] {taskinstance.py:2582} INFO - 0 downstream tasks scheduled from follow-on schedule check
