[2023-03-30T17:12:24.871+0000] {taskinstance.py:1087} INFO - Dependencies all met for <TaskInstance: citi_bikes_nyc.load_data_to_google_bucket scheduled__2023-03-29T17:11:29.642271+00:00 [queued]>
[2023-03-30T17:12:24.879+0000] {taskinstance.py:1087} INFO - Dependencies all met for <TaskInstance: citi_bikes_nyc.load_data_to_google_bucket scheduled__2023-03-29T17:11:29.642271+00:00 [queued]>
[2023-03-30T17:12:24.879+0000] {taskinstance.py:1283} INFO - 
--------------------------------------------------------------------------------
[2023-03-30T17:12:24.879+0000] {taskinstance.py:1284} INFO - Starting attempt 1 of 2
[2023-03-30T17:12:24.879+0000] {taskinstance.py:1285} INFO - 
--------------------------------------------------------------------------------
[2023-03-30T17:12:24.892+0000] {taskinstance.py:1304} INFO - Executing <Task(_PythonDecoratedOperator): load_data_to_google_bucket> on 2023-03-29 17:11:29.642271+00:00
[2023-03-30T17:12:24.899+0000] {standard_task_runner.py:55} INFO - Started process 14944 to run task
[2023-03-30T17:12:24.902+0000] {standard_task_runner.py:82} INFO - Running: ['***', 'tasks', 'run', 'citi_bikes_nyc', 'load_data_to_google_bucket', 'scheduled__2023-03-29T17:11:29.642271+00:00', '--job-id', '281', '--raw', '--subdir', 'DAGS_FOLDER/citi_bikes_nyc.py', '--cfg-path', '/tmp/tmpznt4biqi']
[2023-03-30T17:12:24.904+0000] {standard_task_runner.py:83} INFO - Job 281: Subtask load_data_to_google_bucket
[2023-03-30T17:12:25.053+0000] {task_command.py:389} INFO - Running <TaskInstance: citi_bikes_nyc.load_data_to_google_bucket scheduled__2023-03-29T17:11:29.642271+00:00 [running]> on host ea14cce7ead9
[2023-03-30T17:12:25.112+0000] {taskinstance.py:1513} INFO - Exporting the following env vars:
AIRFLOW_CTX_DAG_OWNER=***
AIRFLOW_CTX_DAG_ID=citi_bikes_nyc
AIRFLOW_CTX_TASK_ID=load_data_to_google_bucket
AIRFLOW_CTX_EXECUTION_DATE=2023-03-29T17:11:29.642271+00:00
AIRFLOW_CTX_TRY_NUMBER=1
AIRFLOW_CTX_DAG_RUN_ID=scheduled__2023-03-29T17:11:29.642271+00:00
[2023-03-30T17:12:25.707+0000] {logging_mixin.py:137} INFO - Bucket name:  citi_bikes_***_project
[2023-03-30T17:12:25.707+0000] {logging_mixin.py:137} INFO - GOOGLE_APPLICATION_CREDENTIALS: /opt/***/dags/credentials.json
[2023-03-30T17:12:35.290+0000] {logging_mixin.py:137} INFO - 202201-citibike-tripdata.csv.zip uploaded to Google Bucket
[2023-03-30T17:12:35.291+0000] {python.py:177} INFO - Done. Returned value was: None
[2023-03-30T17:12:35.298+0000] {taskinstance.py:1327} INFO - Marking task as SUCCESS. dag_id=citi_bikes_nyc, task_id=load_data_to_google_bucket, execution_date=20230329T171129, start_date=20230330T171224, end_date=20230330T171235
[2023-03-30T17:12:35.329+0000] {local_task_job.py:159} INFO - Task exited with return code 0
[2023-03-30T17:12:35.351+0000] {taskinstance.py:2582} INFO - 1 downstream tasks scheduled from follow-on schedule check
