[2023-03-30T15:12:32.753+0000] {taskinstance.py:1087} INFO - Dependencies all met for <TaskInstance: citi_bikes_nyc.download_citi_bike_data manual__2022-01-01T00:00:00+00:00 [queued]>
[2023-03-30T15:12:32.761+0000] {taskinstance.py:1087} INFO - Dependencies all met for <TaskInstance: citi_bikes_nyc.download_citi_bike_data manual__2022-01-01T00:00:00+00:00 [queued]>
[2023-03-30T15:12:32.761+0000] {taskinstance.py:1283} INFO - 
--------------------------------------------------------------------------------
[2023-03-30T15:12:32.761+0000] {taskinstance.py:1284} INFO - Starting attempt 1 of 2
[2023-03-30T15:12:32.761+0000] {taskinstance.py:1285} INFO - 
--------------------------------------------------------------------------------
[2023-03-30T15:12:32.773+0000] {taskinstance.py:1304} INFO - Executing <Task(BashOperator): download_citi_bike_data> on 2022-01-01 00:00:00+00:00
[2023-03-30T15:12:32.779+0000] {standard_task_runner.py:55} INFO - Started process 6373 to run task
[2023-03-30T15:12:32.782+0000] {standard_task_runner.py:82} INFO - Running: ['***', 'tasks', 'run', 'citi_bikes_nyc', 'download_citi_bike_data', 'manual__2022-01-01T00:00:00+00:00', '--job-id', '250', '--raw', '--subdir', 'DAGS_FOLDER/citi_bikes_nyc.py', '--cfg-path', '/tmp/tmpvaufbvc0']
[2023-03-30T15:12:32.784+0000] {standard_task_runner.py:83} INFO - Job 250: Subtask download_citi_bike_data
[2023-03-30T15:12:32.828+0000] {task_command.py:389} INFO - Running <TaskInstance: citi_bikes_nyc.download_citi_bike_data manual__2022-01-01T00:00:00+00:00 [running]> on host ea14cce7ead9
[2023-03-30T15:12:32.872+0000] {taskinstance.py:1513} INFO - Exporting the following env vars:
AIRFLOW_CTX_DAG_OWNER=***
AIRFLOW_CTX_DAG_ID=citi_bikes_nyc
AIRFLOW_CTX_TASK_ID=download_citi_bike_data
AIRFLOW_CTX_EXECUTION_DATE=2022-01-01T00:00:00+00:00
AIRFLOW_CTX_TRY_NUMBER=1
AIRFLOW_CTX_DAG_RUN_ID=manual__2022-01-01T00:00:00+00:00
[2023-03-30T15:12:32.873+0000] {subprocess.py:63} INFO - Tmp dir root location: 
 /tmp
[2023-03-30T15:12:32.873+0000] {subprocess.py:75} INFO - Running command: ['/bin/bash', '-c', 'curl -o /opt/***/dags/data/202201-citibike-tripdata.csv.zip https://s3.amazonaws.com/tripdata/202201-citibike-tripdata.csv.zip']
[2023-03-30T15:12:32.886+0000] {subprocess.py:86} INFO - Output:
[2023-03-30T15:12:32.892+0000] {subprocess.py:93} INFO -   % Total    % Received % Xferd  Average Speed   Time    Time     Time  Current
[2023-03-30T15:12:32.893+0000] {subprocess.py:93} INFO -                                  Dload  Upload   Total   Spent    Left  Speed
[2023-03-30T15:13:13.232+0000] {local_task_job.py:224} WARNING - State of this instance has been externally set to success. Terminating instance.
[2023-03-30T15:13:13.234+0000] {process_utils.py:133} INFO - Sending Signals.SIGTERM to group 6373. PIDs of all processes in the group: [6374, 6373]
[2023-03-30T15:13:13.234+0000] {process_utils.py:84} INFO - Sending the signal Signals.SIGTERM to group 6373
[2023-03-30T15:13:13.235+0000] {taskinstance.py:1483} ERROR - Received SIGTERM. Terminating subprocesses.
[2023-03-30T15:13:13.235+0000] {subprocess.py:104} INFO - Sending SIGTERM signal to process group
[2023-03-30T15:13:13.261+0000] {process_utils.py:79} INFO - Process psutil.Process(pid=6373, status='terminated', exitcode=0, started='15:12:31') (6373) terminated with exit code 0
[2023-03-30T15:13:13.261+0000] {process_utils.py:79} INFO - Process psutil.Process(pid=6374, status='terminated', started='15:12:32') (6374) terminated with exit code None
