[2023-03-31T19:24:31.621+0000] {taskinstance.py:1087} INFO - Dependencies all met for <TaskInstance: citi_bikes_nyc.unzip_data scheduled__2023-03-30T17:11:29.642271+00:00 [queued]>
[2023-03-31T19:24:31.630+0000] {taskinstance.py:1087} INFO - Dependencies all met for <TaskInstance: citi_bikes_nyc.unzip_data scheduled__2023-03-30T17:11:29.642271+00:00 [queued]>
[2023-03-31T19:24:31.631+0000] {taskinstance.py:1283} INFO - 
--------------------------------------------------------------------------------
[2023-03-31T19:24:31.631+0000] {taskinstance.py:1284} INFO - Starting attempt 1 of 1
[2023-03-31T19:24:31.631+0000] {taskinstance.py:1285} INFO - 
--------------------------------------------------------------------------------
[2023-03-31T19:24:31.643+0000] {taskinstance.py:1304} INFO - Executing <Task(BashOperator): unzip_data> on 2023-03-30 17:11:29.642271+00:00
[2023-03-31T19:24:31.650+0000] {standard_task_runner.py:55} INFO - Started process 7831 to run task
[2023-03-31T19:24:31.653+0000] {standard_task_runner.py:82} INFO - Running: ['***', 'tasks', 'run', 'citi_bikes_nyc', 'unzip_data', 'scheduled__2023-03-30T17:11:29.642271+00:00', '--job-id', '312', '--raw', '--subdir', 'DAGS_FOLDER/citi_bikes_nyc.py', '--cfg-path', '/tmp/tmp863hdhx1']
[2023-03-31T19:24:31.654+0000] {standard_task_runner.py:83} INFO - Job 312: Subtask unzip_data
[2023-03-31T19:24:31.702+0000] {task_command.py:389} INFO - Running <TaskInstance: citi_bikes_nyc.unzip_data scheduled__2023-03-30T17:11:29.642271+00:00 [running]> on host 3367fdfa05b8
[2023-03-31T19:24:31.753+0000] {taskinstance.py:1513} INFO - Exporting the following env vars:
AIRFLOW_CTX_DAG_OWNER=***
AIRFLOW_CTX_DAG_ID=citi_bikes_nyc
AIRFLOW_CTX_TASK_ID=unzip_data
AIRFLOW_CTX_EXECUTION_DATE=2023-03-30T17:11:29.642271+00:00
AIRFLOW_CTX_TRY_NUMBER=1
AIRFLOW_CTX_DAG_RUN_ID=scheduled__2023-03-30T17:11:29.642271+00:00
[2023-03-31T19:24:31.754+0000] {subprocess.py:63} INFO - Tmp dir root location: 
 /tmp
[2023-03-31T19:24:31.755+0000] {subprocess.py:75} INFO - Running command: ['/bin/bash', '-c', '\n            cd /opt/***/dags/data\n            unzip -o 202201-citibike-tripdata.csv.zip\n        ']
[2023-03-31T19:24:31.767+0000] {subprocess.py:86} INFO - Output:
[2023-03-31T19:24:31.770+0000] {subprocess.py:93} INFO - Archive:  202201-citibike-tripdata.csv.zip
[2023-03-31T19:24:32.853+0000] {subprocess.py:93} INFO -   inflating: 202201-citibike-tripdata.csv
[2023-03-31T19:24:32.854+0000] {subprocess.py:93} INFO -   inflating: __MACOSX/._202201-citibike-tripdata.csv
[2023-03-31T19:24:32.854+0000] {subprocess.py:97} INFO - Command exited with return code 0
[2023-03-31T19:24:32.876+0000] {taskinstance.py:1327} INFO - Marking task as SUCCESS. dag_id=citi_bikes_nyc, task_id=unzip_data, execution_date=20230330T171129, start_date=20230331T192431, end_date=20230331T192432
[2023-03-31T19:24:32.907+0000] {local_task_job.py:159} INFO - Task exited with return code 0
[2023-03-31T19:24:32.929+0000] {taskinstance.py:2582} INFO - 1 downstream tasks scheduled from follow-on schedule check
