[2023-03-30T15:42:47.714+0000] {taskinstance.py:1087} INFO - Dependencies all met for <TaskInstance: citi_bikes_nyc.download_citi_bike_data manual__2023-03-30T15:42:46.688810+00:00 [queued]>
[2023-03-30T15:42:47.721+0000] {taskinstance.py:1087} INFO - Dependencies all met for <TaskInstance: citi_bikes_nyc.download_citi_bike_data manual__2023-03-30T15:42:46.688810+00:00 [queued]>
[2023-03-30T15:42:47.721+0000] {taskinstance.py:1283} INFO - 
--------------------------------------------------------------------------------
[2023-03-30T15:42:47.721+0000] {taskinstance.py:1284} INFO - Starting attempt 1 of 2
[2023-03-30T15:42:47.721+0000] {taskinstance.py:1285} INFO - 
--------------------------------------------------------------------------------
[2023-03-30T15:42:47.733+0000] {taskinstance.py:1304} INFO - Executing <Task(BashOperator): download_citi_bike_data> on 2023-03-30 15:42:46.688810+00:00
[2023-03-30T15:42:47.739+0000] {standard_task_runner.py:55} INFO - Started process 9635 to run task
[2023-03-30T15:42:47.741+0000] {standard_task_runner.py:82} INFO - Running: ['***', 'tasks', 'run', 'citi_bikes_nyc', 'download_citi_bike_data', 'manual__2023-03-30T15:42:46.688810+00:00', '--job-id', '270', '--raw', '--subdir', 'DAGS_FOLDER/citi_bikes_nyc.py', '--cfg-path', '/tmp/tmpo48zbhak']
[2023-03-30T15:42:47.743+0000] {standard_task_runner.py:83} INFO - Job 270: Subtask download_citi_bike_data
[2023-03-30T15:42:47.789+0000] {task_command.py:389} INFO - Running <TaskInstance: citi_bikes_nyc.download_citi_bike_data manual__2023-03-30T15:42:46.688810+00:00 [running]> on host ea14cce7ead9
[2023-03-30T15:42:47.841+0000] {taskinstance.py:1513} INFO - Exporting the following env vars:
AIRFLOW_CTX_DAG_OWNER=***
AIRFLOW_CTX_DAG_ID=citi_bikes_nyc
AIRFLOW_CTX_TASK_ID=download_citi_bike_data
AIRFLOW_CTX_EXECUTION_DATE=2023-03-30T15:42:46.688810+00:00
AIRFLOW_CTX_TRY_NUMBER=1
AIRFLOW_CTX_DAG_RUN_ID=manual__2023-03-30T15:42:46.688810+00:00
[2023-03-30T15:42:47.842+0000] {subprocess.py:63} INFO - Tmp dir root location: 
 /tmp
[2023-03-30T15:42:47.843+0000] {subprocess.py:75} INFO - Running command: ['/bin/bash', '-c', 'curl -o /opt/***/dags/data/202201-citibike-tripdata.csv.zip https://s3.amazonaws.com/tripdata/202201-citibike-tripdata.csv.zip']
[2023-03-30T15:42:47.854+0000] {subprocess.py:86} INFO - Output:
[2023-03-30T15:42:47.860+0000] {subprocess.py:93} INFO -   % Total    % Received % Xferd  Average Speed   Time    Time     Time  Current
[2023-03-30T15:42:47.860+0000] {subprocess.py:93} INFO -                                  Dload  Upload   Total   Spent    Left  Speed
[2023-03-30T15:43:05.984+0000] {subprocess.py:93} INFO -   0     0    0     0    0     0      0      0 --:--:-- --:--:-- --:--:--     0  0 33.9M    0 15905    0     0  15968      0  0:37:09 --:--:--  0:37:09 15952  2 33.9M    2  780k    0     0   402k      0  0:01:26  0:00:01  0:01:25  402k  8 33.9M    8 3108k    0     0  1026k      0  0:00:33  0:00:03  0:00:30 1026k 14 33.9M   14 5013k    0     0  1268k      0  0:00:27  0:00:03  0:00:24 1268k 20 33.9M   20 7171k    0     0  1418k      0  0:00:24  0:00:05  0:00:19 1418k 25 33.9M   25 8922k    0     0  1496k      0  0:00:23  0:00:05  0:00:18 1793k 30 33.9M   30 10.4M    0     0  1545k      0  0:00:22  0:00:06  0:00:16 1988k 36 33.9M   36 12.3M    0     0  1589k      0  0:00:21  0:00:07  0:00:14 1934k 42 33.9M   42 14.5M    0     0  1658k      0  0:00:20  0:00:08  0:00:12 1967k 48 33.9M   48 16.5M    0     0  1702k      0  0:00:20  0:00:09  0:00:11 1996k 55 33.9M   55 18.7M    0     0  1755k      0  0:00:19  0:00:10  0:00:09 2064k 61 33.9M   61 20.8M    0     0  1787k      0  0:00:19  0:00:11  0:00:08 2121k 67 33.9M   67 23.0M    0     0  1818k      0  0:00:19  0:00:12  0:00:07 2183k 74 33.9M   74 25.1M    0     0  1845k      0  0:00:18  0:00:13  0:00:05 2178k 79 33.9M   79 26.9M    0     0  1846k      0  0:00:18  0:00:14  0:00:04 2129k 86 33.9M   86 29.3M    0     0  1872k      0  0:00:18  0:00:16  0:00:02 2126k 92 33.9M   92 31.4M    0     0  1897k      0  0:00:18  0:00:16  0:00:02 2161k 99 33.9M   99 33.6M    0     0  1915k      0  0:00:18  0:00:17  0:00:01 2165k100 33.9M  100 33.9M    0     0  1918k      0  0:00:18  0:00:18 --:--:-- 2162k
[2023-03-30T15:43:05.988+0000] {subprocess.py:97} INFO - Command exited with return code 0
[2023-03-30T15:43:06.009+0000] {taskinstance.py:1327} INFO - Marking task as SUCCESS. dag_id=citi_bikes_nyc, task_id=download_citi_bike_data, execution_date=20230330T154246, start_date=20230330T154247, end_date=20230330T154306
[2023-03-30T15:43:06.030+0000] {local_task_job.py:159} INFO - Task exited with return code 0
[2023-03-30T15:43:06.049+0000] {taskinstance.py:2582} INFO - 1 downstream tasks scheduled from follow-on schedule check
